2019-01-14 10:48:55,648 [Worker-2] INFO  c.g.t.t.d.PublishedGradleVersions - Gradle version information cache is out-of-date. Trying to update.
2019-01-14 10:49:59,900 [Worker-4] INFO  o.e.m.c.i.l.LifecycleMappingFactory - Using org.eclipse.m2e.jdt.JarLifecycleMapping lifecycle mapping for MavenProject: org:Jpetstore:0.0.1-SNAPSHOT @ C:\Users\formation\Desktop\Jpetstore_test_calcul_panier2\pom.xml.
2019-01-14 10:50:02,690 [Worker-4] INFO  o.e.m.j.i.AbstractJavaProjectConfigurator - Adding source folder /Jpetstore/src/main/java
2019-01-14 10:50:02,692 [Worker-4] INFO  o.e.m.j.i.AbstractJavaProjectConfigurator - Adding source folder /Jpetstore/src/test/java
2019-01-14 10:50:02,851 [Worker-4] INFO  o.e.m.c.i.p.ProjectConfigurationManager - Imported and configured 1 project(s) in 18 sec
2019-01-14 10:50:04,112 [Worker-10] INFO  o.e.m.c.i.embedder.EclipseLogger - Using 'UTF-8' encoding to copy filtered resources.
2019-01-14 10:50:04,114 [Worker-10] INFO  o.e.m.c.i.embedder.EclipseLogger - skip non existing resourceDirectory C:\Users\formation\Desktop\Jpetstore_test_calcul_panier2\src\main\resources
2019-01-14 10:50:04,117 [Worker-10] INFO  o.e.m.c.i.embedder.EclipseLogger - Using 'UTF-8' encoding to copy filtered resources.
2019-01-14 10:50:04,118 [Worker-10] INFO  o.e.m.c.i.embedder.EclipseLogger - skip non existing resourceDirectory C:\Users\formation\Desktop\Jpetstore_test_calcul_panier2\src\test\resources
2019-01-14 10:50:11,197 [Worker-6] INFO  o.e.m.c.i.embedder.EclipseLogger - Using 'UTF-8' encoding to copy filtered resources.
2019-01-14 10:50:11,197 [Worker-6] INFO  o.e.m.c.i.embedder.EclipseLogger - skip non existing resourceDirectory C:\Users\formation\Desktop\Jpetstore_test_calcul_panier2\src\main\resources
2019-01-14 10:50:11,208 [Worker-6] INFO  o.e.m.c.i.embedder.EclipseLogger - Using 'UTF-8' encoding to copy filtered resources.
2019-01-14 10:50:11,209 [Worker-6] INFO  o.e.m.c.i.embedder.EclipseLogger - skip non existing resourceDirectory C:\Users\formation\Desktop\Jpetstore_test_calcul_panier2\src\test\resources
2019-01-14 11:02:13,639 [ModalContext] INFO  o.e.m.c.i.e.AbstractTransferListenerAdapter - Downloading http://repo.squashtest.org/maven2/releases/org/squashtest/ta/squash-ta-project-archetype/1.10.1-RELEASE/squash-ta-project-archetype-1.10.1-RELEASE.pom
2019-01-14 11:02:13,679 [ModalContext] INFO  o.e.m.c.i.e.AbstractTransferListenerAdapter - Downloaded http://repo.squashtest.org/maven2/releases/org/squashtest/ta/squash-ta-project-archetype/1.10.1-RELEASE/squash-ta-project-archetype-1.10.1-RELEASE.pom
2019-01-14 11:02:13,722 [ModalContext] INFO  o.e.m.c.i.e.AbstractTransferListenerAdapter - Downloading http://repo.squashtest.org/maven2/releases/org/squashtest/ta/squash-ta-project-archetype/1.10.1-RELEASE/squash-ta-project-archetype-1.10.1-RELEASE.jar
2019-01-14 11:02:13,827 [ModalContext] INFO  o.e.m.c.i.e.AbstractTransferListenerAdapter - Downloaded http://repo.squashtest.org/maven2/releases/org/squashtest/ta/squash-ta-project-archetype/1.10.1-RELEASE/squash-ta-project-archetype-1.10.1-RELEASE.jar
2019-01-14 11:02:45,529 [ModalContext] INFO  o.e.m.c.i.e.AbstractTransferListenerAdapter - Downloaded https://repo.maven.apache.org/maven2/org/squashtest/ta/squash-ta-project-archetype/1.10.1-RELEASE/squash-ta-project-archetype-1.10.1-RELEASE.jar
2019-01-14 11:04:28,266 [Worker-19] INFO  o.e.m.c.i.e.AbstractTransferListenerAdapter - Downloaded https://repo.maven.apache.org/maven2/org/squashtest/ta/squash-ta-project-archetype/1.10.1-RELEASE/squash-ta-project-archetype-1.10.1-RELEASE.pom
2019-01-14 11:16:11,765 [Worker-19] INFO  o.e.m.c.i.e.AbstractTransferListenerAdapter - Downloading http://repo.squashtest.org/maven2/releases/org/squashtest/ta/squash-ta-maven-plugin/1.10.1-RELEASE/squash-ta-maven-plugin-1.10.1-RELEASE.pom
2019-01-14 11:16:11,798 [Worker-19] INFO  o.e.m.c.i.e.AbstractTransferListenerAdapter - Downloaded http://repo.squashtest.org/maven2/releases/org/squashtest/ta/squash-ta-maven-plugin/1.10.1-RELEASE/squash-ta-maven-plugin-1.10.1-RELEASE.pom
2019-01-14 11:16:11,831 [Worker-19] INFO  o.e.m.c.i.e.AbstractTransferListenerAdapter - Downloading http://repo.squashtest.org/maven2/releases/org/squashtest/ta/squash-ta-driver/1.10.1-RELEASE/squash-ta-driver-1.10.1-RELEASE.pom
2019-01-14 11:16:11,861 [Worker-19] INFO  o.e.m.c.i.e.AbstractTransferListenerAdapter - Downloaded http://repo.squashtest.org/maven2/releases/org/squashtest/ta/squash-ta-driver/1.10.1-RELEASE/squash-ta-driver-1.10.1-RELEASE.pom
2019-01-14 11:16:11,882 [Worker-19] INFO  o.e.m.c.i.e.AbstractTransferListenerAdapter - Downloading http://repo.squashtest.org/maven2/releases/org/squashtest/ta/squash-ta-umbrella/1.10.1-RELEASE/squash-ta-umbrella-1.10.1-RELEASE.pom
2019-01-14 11:16:11,955 [Worker-19] INFO  o.e.m.c.i.e.AbstractTransferListenerAdapter - Downloaded http://repo.squashtest.org/maven2/releases/org/squashtest/ta/squash-ta-umbrella/1.10.1-RELEASE/squash-ta-umbrella-1.10.1-RELEASE.pom
2019-01-14 11:16:11,985 [Worker-19] INFO  o.e.m.c.i.e.AbstractTransferListenerAdapter - Downloading http://repo.squashtest.org/maven2/releases/org/squashtest/ta/squash-ta-parent/1.3.2018-RELEASE/squash-ta-parent-1.3.2018-RELEASE.pom
2019-01-14 11:16:12,011 [Worker-19] INFO  o.e.m.c.i.e.AbstractTransferListenerAdapter - Downloaded http://repo.squashtest.org/maven2/releases/org/squashtest/ta/squash-ta-parent/1.3.2018-RELEASE/squash-ta-parent-1.3.2018-RELEASE.pom
2019-01-14 11:16:12,035 [Worker-19] INFO  o.e.m.c.i.e.AbstractTransferListenerAdapter - Downloading http://repo.squashtest.org/maven2/releases/org/squashtest/ta/squash-ta-maven-plugin/1.10.1-RELEASE/squash-ta-maven-plugin-1.10.1-RELEASE.jar
2019-01-14 11:16:12,091 [Worker-19] INFO  o.e.m.c.i.e.AbstractTransferListenerAdapter - Downloaded http://repo.squashtest.org/maven2/releases/org/squashtest/ta/squash-ta-maven-plugin/1.10.1-RELEASE/squash-ta-maven-plugin-1.10.1-RELEASE.jar
2019-01-14 11:16:12,261 [Worker-19] INFO  o.e.m.c.i.l.LifecycleMappingFactory - Using NULL lifecycle mapping for MavenProject: org:jpetstore_ta:0.0.1-SNAPSHOT @ C:\Users\formation\Desktop\jpetstore_ta\pom.xml.
2019-01-14 11:16:12,402 [Worker-19] INFO  o.e.m.c.i.p.ProjectConfigurationManager - Imported and configured 1 project(s) in 0 sec
2019-01-14 11:42:19,383 [Worker-30] INFO  o.e.m.c.i.embedder.EclipseLogger - Using 'UTF-8' encoding to copy filtered resources.
2019-01-14 11:42:19,428 [Worker-30] INFO  o.e.m.c.i.embedder.EclipseLogger - skip non existing resourceDirectory C:\Users\formation\Desktop\Jpetstore_test_calcul_panier2\src\main\resources
2019-01-14 11:42:19,430 [Worker-30] INFO  o.e.m.c.i.embedder.EclipseLogger - Using 'UTF-8' encoding to copy filtered resources.
2019-01-14 11:42:19,437 [Worker-30] INFO  o.e.m.c.i.embedder.EclipseLogger - skip non existing resourceDirectory C:\Users\formation\Desktop\Jpetstore_test_calcul_panier2\src\test\resources
2019-01-14 12:07:06,997 [Worker-32] INFO  o.e.m.c.i.l.LifecycleMappingFactory - Using NULL lifecycle mapping for MavenProject: org:jpetstore_ta:0.0.1-SNAPSHOT @ C:\Users\formation\Desktop\jpetstore_ta\pom.xml.
2019-01-14 12:07:31,240 [Worker-33] INFO  o.e.m.c.i.p.ProjectConfigurationManager - Update started
2019-01-14 12:07:31,272 [Worker-33] INFO  o.e.m.c.i.l.LifecycleMappingFactory - Using NULL lifecycle mapping for MavenProject: org:jpetstore_ta:0.0.1-SNAPSHOT @ C:\Users\formation\Desktop\jpetstore_ta\pom.xml.
2019-01-14 12:07:31,371 [Worker-33] INFO  o.e.m.c.i.p.ProjectConfigurationManager - Update completed: 0 sec
2019-01-14 12:08:12,607 [Worker-37] INFO  o.e.m.c.i.p.ProjectConfigurationManager - Update started
2019-01-14 12:08:12,639 [Worker-37] INFO  o.e.m.c.i.l.LifecycleMappingFactory - Using NULL lifecycle mapping for MavenProject: org:jpetstore_ta:0.0.1-SNAPSHOT @ C:\Users\formation\Desktop\jpetstore_ta\pom.xml.
2019-01-14 12:08:12,724 [Worker-37] INFO  o.e.m.c.i.p.ProjectConfigurationManager - Update completed: 0 sec
2019-01-14 12:09:38,696 [main] INFO  o.e.m2e.actions.ExecutePomAction - Creating new launch configuration
2019-01-14 12:09:46,724 [Worker-38] INFO  o.e.m.i.launch.MavenLaunchDelegate - C:\Users\formation\Desktop\jpetstore_ta
2019-01-14 12:09:46,731 [Worker-38] INFO  o.e.m.i.launch.MavenLaunchDelegate -  mvn -B 
2019-01-14 12:10:39,693 [Worker-27] INFO  o.e.m.i.launch.MavenLaunchDelegate - C:\Users\formation\Desktop\jpetstore_ta
2019-01-14 12:10:39,705 [Worker-27] INFO  o.e.m.i.launch.MavenLaunchDelegate -  mvn -B generate-sources
2019-01-14 12:11:31,812 [Worker-36] INFO  o.e.m.i.launch.MavenLaunchDelegate - C:\Users\formation\Desktop\jpetstore_ta
2019-01-14 12:11:31,821 [Worker-36] INFO  o.e.m.i.launch.MavenLaunchDelegate -  mvn -B clean
2019-01-14 12:12:11,180 [Worker-32] INFO  o.e.m.c.i.l.LifecycleMappingFactory - Using NULL lifecycle mapping for MavenProject: org:jpetstore_ta:0.0.1-SNAPSHOT @ C:\Users\formation\Desktop\jpetstore_ta\pom.xml.
2019-01-14 12:12:17,289 [Worker-37] INFO  o.e.m.i.launch.MavenLaunchDelegate - C:\Users\formation\Desktop\jpetstore_ta
2019-01-14 12:12:17,298 [Worker-37] INFO  o.e.m.i.launch.MavenLaunchDelegate -  mvn -B clean
2019-01-14 12:12:29,708 [Worker-34] INFO  o.e.m.i.launch.MavenLaunchDelegate - C:\Users\formation\Desktop\jpetstore_ta
2019-01-14 12:12:29,708 [Worker-34] INFO  o.e.m.i.launch.MavenLaunchDelegate -  mvn -B install
2019-01-14 12:15:56,623 [main] INFO  o.e.m2e.actions.ExecutePomAction - Using existing launch configuration
2019-01-14 12:18:15,621 [Worker-40] INFO  o.e.m.c.i.p.ProjectConfigurationManager - Update started
2019-01-14 12:18:15,651 [Worker-40] INFO  o.e.m.c.i.l.LifecycleMappingFactory - Using NULL lifecycle mapping for MavenProject: org:jpetstore_ta:0.0.1-SNAPSHOT @ C:\Users\formation\Desktop\jpetstore_ta\pom.xml.
2019-01-14 12:18:15,754 [Worker-40] INFO  o.e.m.c.i.p.ProjectConfigurationManager - Update completed: 0 sec
2019-01-14 12:18:30,300 [Worker-42] INFO  o.e.m.i.launch.MavenLaunchDelegate - C:\Users\formation\Desktop\jpetstore_ta
2019-01-14 12:18:30,300 [Worker-42] INFO  o.e.m.i.launch.MavenLaunchDelegate -  mvn -B clean
2019-01-14 12:18:53,320 [main] INFO  o.e.m2e.actions.ExecutePomAction - Creating new launch configuration
2019-01-14 12:18:56,867 [Worker-40] INFO  o.e.m.i.launch.MavenLaunchDelegate - C:\Users\formation\Desktop\jpetstore_ta
2019-01-14 12:18:56,874 [Worker-40] INFO  o.e.m.i.launch.MavenLaunchDelegate -  mvn -B 
2019-01-14 12:19:10,867 [Worker-33] INFO  o.e.m.i.launch.MavenLaunchDelegate - C:\Users\formation\Desktop\jpetstore_ta
2019-01-14 12:19:10,874 [Worker-33] INFO  o.e.m.i.launch.MavenLaunchDelegate -  mvn -B install
2019-01-14 12:22:43,878 [Worker-40] INFO  o.e.m.i.launch.MavenLaunchDelegate - C:\Users\formation\Desktop\jpetstore_ta
2019-01-14 12:22:43,889 [Worker-40] INFO  o.e.m.i.launch.MavenLaunchDelegate -  mvn -B 
2019-01-14 12:23:24,035 [Worker-42] INFO  o.e.m.i.launch.MavenLaunchDelegate - C:\Users\formation\Desktop\jpetstore_ta
2019-01-14 12:23:24,044 [Worker-42] INFO  o.e.m.i.launch.MavenLaunchDelegate -  mvn -B 
2019-01-14 12:24:06,695 [Worker-37] INFO  o.e.m.c.i.p.ProjectConfigurationManager - Update started
2019-01-14 12:24:07,368 [Worker-37] INFO  o.e.m.c.i.l.LifecycleMappingFactory - Using org.eclipse.m2e.jdt.JarLifecycleMapping lifecycle mapping for MavenProject: org:Jpetstore:0.0.1-SNAPSHOT @ C:\Users\formation\Desktop\Jpetstore_test_calcul_panier2\pom.xml.
2019-01-14 12:24:07,530 [Worker-37] INFO  o.e.m.c.i.l.LifecycleMappingFactory - Using NULL lifecycle mapping for MavenProject: org:jpetstore_ta:0.0.1-SNAPSHOT @ C:\Users\formation\Desktop\jpetstore_ta\pom.xml.
2019-01-14 12:24:07,819 [Worker-37] INFO  o.e.m.j.i.AbstractJavaProjectConfigurator - Adding source folder /Jpetstore/src/main/java
2019-01-14 12:24:07,829 [Worker-37] INFO  o.e.m.j.i.AbstractJavaProjectConfigurator - Adding source folder /Jpetstore/src/test/java
2019-01-14 12:24:08,004 [Worker-37] INFO  o.e.m.c.i.p.ProjectConfigurationManager - Update completed: 1 sec
2019-01-14 12:24:08,348 [Worker-37] INFO  o.e.m.c.i.embedder.EclipseLogger - Using 'UTF-8' encoding to copy filtered resources.
2019-01-14 12:24:08,355 [Worker-37] INFO  o.e.m.c.i.embedder.EclipseLogger - skip non existing resourceDirectory C:\Users\formation\Desktop\Jpetstore_test_calcul_panier2\src\main\resources
2019-01-14 12:24:08,357 [Worker-37] INFO  o.e.m.c.i.embedder.EclipseLogger - Using 'UTF-8' encoding to copy filtered resources.
2019-01-14 12:24:08,366 [Worker-37] INFO  o.e.m.c.i.embedder.EclipseLogger - skip non existing resourceDirectory C:\Users\formation\Desktop\Jpetstore_test_calcul_panier2\src\test\resources
2019-01-14 12:26:10,777 [Worker-43] INFO  o.e.m.c.i.l.LifecycleMappingFactory - Using NULL lifecycle mapping for MavenProject: org:jpetstore_ta:0.0.1-SNAPSHOT @ C:\Users\formation\Desktop\jpetstore_ta\pom.xml.
2019-01-14 12:27:02,041 [Worker-33] INFO  o.e.m.i.launch.MavenLaunchDelegate - C:\Users\formation\Desktop\jpetstore_ta
2019-01-14 12:27:02,052 [Worker-33] INFO  o.e.m.i.launch.MavenLaunchDelegate -  mvn -B 
2019-01-14 12:28:31,997 [Worker-33] INFO  o.e.m.i.launch.MavenLaunchDelegate - C:\Users\formation\Desktop\jpetstore_ta
2019-01-14 12:28:31,997 [Worker-33] INFO  o.e.m.i.launch.MavenLaunchDelegate -  mvn -B clean
2019-01-14 12:29:00,802 [Worker-41] INFO  o.e.m.i.launch.MavenLaunchDelegate - C:\Users\formation\Desktop\jpetstore_ta
2019-01-14 12:29:00,812 [Worker-41] INFO  o.e.m.i.launch.MavenLaunchDelegate -  mvn -B 
2019-01-14 12:32:13,120 [Worker-1] INFO  c.g.t.t.d.PublishedGradleVersions - Gradle version information cache is up-to-date. Trying to read.
2019-01-14 12:34:19,325 [Worker-1] ERROR o.e.m.j.i.l.MavenLaunchConfigurationListener - Launch configuration DoublePrixPanier references non-existing project Jpetstore.
org.eclipse.core.runtime.CoreException: Launch configuration DoublePrixPanier references non-existing project Jpetstore.
	at org.eclipse.jdt.launching.JavaRuntime.abort(JavaRuntime.java:1408) ~[org.eclipse.jdt.launching_3.9.0.v20170419-1235.jar:na]
	at org.eclipse.jdt.launching.JavaRuntime.getJavaProject(JavaRuntime.java:1283) ~[org.eclipse.jdt.launching_3.9.0.v20170419-1235.jar:na]
	at org.eclipse.m2e.jdt.internal.launch.MavenLaunchConfigurationListener.updateLaunchConfiguration(MavenLaunchConfigurationListener.java:53) [org.eclipse.m2e.jdt_1.8.0.20170516-2043.jar:na]
	at org.eclipse.m2e.jdt.internal.launch.MavenLaunchConfigurationListener.launchConfigurationChanged(MavenLaunchConfigurationListener.java:38) [org.eclipse.m2e.jdt_1.8.0.20170516-2043.jar:na]
	at org.eclipse.debug.internal.core.LaunchManager$ConfigurationNotifier.run(LaunchManager.java:226) [org.eclipse.debug.core_3.11.0.v20170605-1534.jar:na]
	at org.eclipse.core.runtime.SafeRunner.run(SafeRunner.java:42) [org.eclipse.equinox.common_3.9.0.v20170207-1454.jar:na]
	at org.eclipse.debug.internal.core.LaunchManager$ConfigurationNotifier.notify(LaunchManager.java:207) [org.eclipse.debug.core_3.11.0.v20170605-1534.jar:na]
	at org.eclipse.debug.internal.core.LaunchConfigurationWorkingCopy.setDirty(LaunchConfigurationWorkingCopy.java:552) [org.eclipse.debug.core_3.11.0.v20170605-1534.jar:na]
	at org.eclipse.debug.internal.core.LaunchConfigurationWorkingCopy.setAttribute(LaunchConfigurationWorkingCopy.java:425) [org.eclipse.debug.core_3.11.0.v20170605-1534.jar:na]
	at org.eclipse.m2e.jdt.internal.launch.MavenRuntimeClasspathProvider.disable(MavenRuntimeClasspathProvider.java:309) [org.eclipse.m2e.jdt_1.8.0.20170516-2043.jar:na]
	at org.eclipse.m2e.jdt.internal.launch.MavenRuntimeClasspathProvider.disable(MavenRuntimeClasspathProvider.java:335) [org.eclipse.m2e.jdt_1.8.0.20170516-2043.jar:na]
	at org.eclipse.m2e.jdt.internal.launch.MavenLaunchConfigurationListener.mavenProjectChanged(MavenLaunchConfigurationListener.java:70) [org.eclipse.m2e.jdt_1.8.0.20170516-2043.jar:na]
	at org.eclipse.m2e.core.internal.project.registry.ProjectRegistryManager.notifyProjectChangeListeners(ProjectRegistryManager.java:783) [org.eclipse.m2e.core_1.8.0.20170516-2043.jar:na]
	at org.eclipse.m2e.core.internal.project.registry.ProjectRegistryManager.applyMutableProjectRegistry(ProjectRegistryManager.java:930) [org.eclipse.m2e.core_1.8.0.20170516-2043.jar:na]
	at org.eclipse.m2e.core.internal.project.registry.ProjectRegistryRefreshJob$1.call(ProjectRegistryRefreshJob.java:98) [org.eclipse.m2e.core_1.8.0.20170516-2043.jar:na]
	at org.eclipse.m2e.core.internal.project.registry.ProjectRegistryRefreshJob$1.call(ProjectRegistryRefreshJob.java:1) [org.eclipse.m2e.core_1.8.0.20170516-2043.jar:na]
	at org.eclipse.m2e.core.internal.embedder.MavenExecutionContext.executeBare(MavenExecutionContext.java:177) [org.eclipse.m2e.core_1.8.0.20170516-2043.jar:na]
	at org.eclipse.m2e.core.internal.embedder.MavenExecutionContext.execute(MavenExecutionContext.java:151) [org.eclipse.m2e.core_1.8.0.20170516-2043.jar:na]
	at org.eclipse.m2e.core.internal.embedder.MavenExecutionContext.execute(MavenExecutionContext.java:99) [org.eclipse.m2e.core_1.8.0.20170516-2043.jar:na]
	at org.eclipse.m2e.core.internal.embedder.MavenImpl.execute(MavenImpl.java:1355) [org.eclipse.m2e.core_1.8.0.20170516-2043.jar:na]
	at org.eclipse.m2e.core.internal.project.registry.ProjectRegistryRefreshJob.run(ProjectRegistryRefreshJob.java:81) [org.eclipse.m2e.core_1.8.0.20170516-2043.jar:na]
	at org.eclipse.core.internal.jobs.Worker.run(Worker.java:56) [org.eclipse.core.jobs_3.9.0.v20170322-0013.jar:na]
2019-01-14 12:34:19,431 [Worker-1] ERROR o.e.m.j.i.l.MavenLaunchConfigurationListener - Launch configuration DoublePrixPanier references non-existing project Jpetstore.
org.eclipse.core.runtime.CoreException: Launch configuration DoublePrixPanier references non-existing project Jpetstore.
	at org.eclipse.jdt.launching.JavaRuntime.abort(JavaRuntime.java:1408) ~[org.eclipse.jdt.launching_3.9.0.v20170419-1235.jar:na]
	at org.eclipse.jdt.launching.JavaRuntime.getJavaProject(JavaRuntime.java:1283) ~[org.eclipse.jdt.launching_3.9.0.v20170419-1235.jar:na]
	at org.eclipse.m2e.jdt.internal.launch.MavenLaunchConfigurationListener.updateLaunchConfiguration(MavenLaunchConfigurationListener.java:53) [org.eclipse.m2e.jdt_1.8.0.20170516-2043.jar:na]
	at org.eclipse.m2e.jdt.internal.launch.MavenLaunchConfigurationListener.launchConfigurationChanged(MavenLaunchConfigurationListener.java:38) [org.eclipse.m2e.jdt_1.8.0.20170516-2043.jar:na]
	at org.eclipse.debug.internal.core.LaunchManager$ConfigurationNotifier.run(LaunchManager.java:226) [org.eclipse.debug.core_3.11.0.v20170605-1534.jar:na]
	at org.eclipse.core.runtime.SafeRunner.run(SafeRunner.java:42) [org.eclipse.equinox.common_3.9.0.v20170207-1454.jar:na]
	at org.eclipse.debug.internal.core.LaunchManager$ConfigurationNotifier.notify(LaunchManager.java:207) [org.eclipse.debug.core_3.11.0.v20170605-1534.jar:na]
	at org.eclipse.debug.internal.core.LaunchConfigurationWorkingCopy.setDirty(LaunchConfigurationWorkingCopy.java:552) [org.eclipse.debug.core_3.11.0.v20170605-1534.jar:na]
	at org.eclipse.debug.internal.core.LaunchConfigurationWorkingCopy.setAttribute(LaunchConfigurationWorkingCopy.java:425) [org.eclipse.debug.core_3.11.0.v20170605-1534.jar:na]
	at org.eclipse.m2e.jdt.internal.launch.MavenRuntimeClasspathProvider.disable(MavenRuntimeClasspathProvider.java:310) [org.eclipse.m2e.jdt_1.8.0.20170516-2043.jar:na]
	at org.eclipse.m2e.jdt.internal.launch.MavenRuntimeClasspathProvider.disable(MavenRuntimeClasspathProvider.java:335) [org.eclipse.m2e.jdt_1.8.0.20170516-2043.jar:na]
	at org.eclipse.m2e.jdt.internal.launch.MavenLaunchConfigurationListener.mavenProjectChanged(MavenLaunchConfigurationListener.java:70) [org.eclipse.m2e.jdt_1.8.0.20170516-2043.jar:na]
	at org.eclipse.m2e.core.internal.project.registry.ProjectRegistryManager.notifyProjectChangeListeners(ProjectRegistryManager.java:783) [org.eclipse.m2e.core_1.8.0.20170516-2043.jar:na]
	at org.eclipse.m2e.core.internal.project.registry.ProjectRegistryManager.applyMutableProjectRegistry(ProjectRegistryManager.java:930) [org.eclipse.m2e.core_1.8.0.20170516-2043.jar:na]
	at org.eclipse.m2e.core.internal.project.registry.ProjectRegistryRefreshJob$1.call(ProjectRegistryRefreshJob.java:98) [org.eclipse.m2e.core_1.8.0.20170516-2043.jar:na]
	at org.eclipse.m2e.core.internal.project.registry.ProjectRegistryRefreshJob$1.call(ProjectRegistryRefreshJob.java:1) [org.eclipse.m2e.core_1.8.0.20170516-2043.jar:na]
	at org.eclipse.m2e.core.internal.embedder.MavenExecutionContext.executeBare(MavenExecutionContext.java:177) [org.eclipse.m2e.core_1.8.0.20170516-2043.jar:na]
	at org.eclipse.m2e.core.internal.embedder.MavenExecutionContext.execute(MavenExecutionContext.java:151) [org.eclipse.m2e.core_1.8.0.20170516-2043.jar:na]
	at org.eclipse.m2e.core.internal.embedder.MavenExecutionContext.execute(MavenExecutionContext.java:99) [org.eclipse.m2e.core_1.8.0.20170516-2043.jar:na]
	at org.eclipse.m2e.core.internal.embedder.MavenImpl.execute(MavenImpl.java:1355) [org.eclipse.m2e.core_1.8.0.20170516-2043.jar:na]
	at org.eclipse.m2e.core.internal.project.registry.ProjectRegistryRefreshJob.run(ProjectRegistryRefreshJob.java:81) [org.eclipse.m2e.core_1.8.0.20170516-2043.jar:na]
	at org.eclipse.core.internal.jobs.Worker.run(Worker.java:56) [org.eclipse.core.jobs_3.9.0.v20170322-0013.jar:na]
2019-01-14 12:34:19,461 [Worker-1] ERROR o.e.m.j.i.l.MavenLaunchConfigurationListener - Launch configuration DoublePrixPanier references non-existing project Jpetstore.
org.eclipse.core.runtime.CoreException: Launch configuration DoublePrixPanier references non-existing project Jpetstore.
	at org.eclipse.jdt.launching.JavaRuntime.abort(JavaRuntime.java:1408) ~[org.eclipse.jdt.launching_3.9.0.v20170419-1235.jar:na]
	at org.eclipse.jdt.launching.JavaRuntime.getJavaProject(JavaRuntime.java:1283) ~[org.eclipse.jdt.launching_3.9.0.v20170419-1235.jar:na]
	at org.eclipse.m2e.jdt.internal.launch.MavenLaunchConfigurationListener.updateLaunchConfiguration(MavenLaunchConfigurationListener.java:53) [org.eclipse.m2e.jdt_1.8.0.20170516-2043.jar:na]
	at org.eclipse.m2e.jdt.internal.launch.MavenLaunchConfigurationListener.launchConfigurationChanged(MavenLaunchConfigurationListener.java:38) [org.eclipse.m2e.jdt_1.8.0.20170516-2043.jar:na]
	at org.eclipse.debug.internal.core.LaunchManager$ConfigurationNotifier.run(LaunchManager.java:226) [org.eclipse.debug.core_3.11.0.v20170605-1534.jar:na]
	at org.eclipse.core.runtime.SafeRunner.run(SafeRunner.java:42) [org.eclipse.equinox.common_3.9.0.v20170207-1454.jar:na]
	at org.eclipse.debug.internal.core.LaunchManager$ConfigurationNotifier.notify(LaunchManager.java:207) [org.eclipse.debug.core_3.11.0.v20170605-1534.jar:na]
	at org.eclipse.debug.internal.core.LaunchManager.launchConfigurationChanged(LaunchManager.java:2166) [org.eclipse.debug.core_3.11.0.v20170605-1534.jar:na]
	at org.eclipse.debug.internal.core.LaunchConfigurationWorkingCopy.writeNewFile(LaunchConfigurationWorkingCopy.java:384) [org.eclipse.debug.core_3.11.0.v20170605-1534.jar:na]
	at org.eclipse.debug.internal.core.LaunchConfigurationWorkingCopy.doSave0(LaunchConfigurationWorkingCopy.java:250) [org.eclipse.debug.core_3.11.0.v20170605-1534.jar:na]
	at org.eclipse.debug.internal.core.LaunchConfigurationWorkingCopy.doSave(LaunchConfigurationWorkingCopy.java:220) [org.eclipse.debug.core_3.11.0.v20170605-1534.jar:na]
	at org.eclipse.debug.internal.core.LaunchConfigurationWorkingCopy.doSave(LaunchConfigurationWorkingCopy.java:173) [org.eclipse.debug.core_3.11.0.v20170605-1534.jar:na]
	at org.eclipse.m2e.jdt.internal.launch.MavenRuntimeClasspathProvider.disable(MavenRuntimeClasspathProvider.java:311) [org.eclipse.m2e.jdt_1.8.0.20170516-2043.jar:na]
	at org.eclipse.m2e.jdt.internal.launch.MavenRuntimeClasspathProvider.disable(MavenRuntimeClasspathProvider.java:335) [org.eclipse.m2e.jdt_1.8.0.20170516-2043.jar:na]
	at org.eclipse.m2e.jdt.internal.launch.MavenLaunchConfigurationListener.mavenProjectChanged(MavenLaunchConfigurationListener.java:70) [org.eclipse.m2e.jdt_1.8.0.20170516-2043.jar:na]
	at org.eclipse.m2e.core.internal.project.registry.ProjectRegistryManager.notifyProjectChangeListeners(ProjectRegistryManager.java:783) [org.eclipse.m2e.core_1.8.0.20170516-2043.jar:na]
	at org.eclipse.m2e.core.internal.project.registry.ProjectRegistryManager.applyMutableProjectRegistry(ProjectRegistryManager.java:930) [org.eclipse.m2e.core_1.8.0.20170516-2043.jar:na]
	at org.eclipse.m2e.core.internal.project.registry.ProjectRegistryRefreshJob$1.call(ProjectRegistryRefreshJob.java:98) [org.eclipse.m2e.core_1.8.0.20170516-2043.jar:na]
	at org.eclipse.m2e.core.internal.project.registry.ProjectRegistryRefreshJob$1.call(ProjectRegistryRefreshJob.java:1) [org.eclipse.m2e.core_1.8.0.20170516-2043.jar:na]
	at org.eclipse.m2e.core.internal.embedder.MavenExecutionContext.executeBare(MavenExecutionContext.java:177) [org.eclipse.m2e.core_1.8.0.20170516-2043.jar:na]
	at org.eclipse.m2e.core.internal.embedder.MavenExecutionContext.execute(MavenExecutionContext.java:151) [org.eclipse.m2e.core_1.8.0.20170516-2043.jar:na]
	at org.eclipse.m2e.core.internal.embedder.MavenExecutionContext.execute(MavenExecutionContext.java:99) [org.eclipse.m2e.core_1.8.0.20170516-2043.jar:na]
	at org.eclipse.m2e.core.internal.embedder.MavenImpl.execute(MavenImpl.java:1355) [org.eclipse.m2e.core_1.8.0.20170516-2043.jar:na]
	at org.eclipse.m2e.core.internal.project.registry.ProjectRegistryRefreshJob.run(ProjectRegistryRefreshJob.java:81) [org.eclipse.m2e.core_1.8.0.20170516-2043.jar:na]
	at org.eclipse.core.internal.jobs.Worker.run(Worker.java:56) [org.eclipse.core.jobs_3.9.0.v20170322-0013.jar:na]
2019-01-14 12:37:30,670 [Worker-1] INFO  o.e.m.c.i.l.LifecycleMappingFactory - Using org.eclipse.m2e.jdt.JarLifecycleMapping lifecycle mapping for MavenProject: org:Jpetstore:0.0.1-SNAPSHOT @ C:\Users\formation\Desktop\Jpetstore_test_calcul_panier2\pom.xml.
2019-01-14 12:37:31,454 [Worker-1] INFO  o.e.m.j.i.AbstractJavaProjectConfigurator - Adding source folder /Jpetstore/src/main/java
2019-01-14 12:37:31,455 [Worker-1] INFO  o.e.m.j.i.AbstractJavaProjectConfigurator - Adding source folder /Jpetstore/src/test/java
2019-01-14 12:37:31,574 [Worker-1] INFO  o.e.m.c.i.p.ProjectConfigurationManager - Imported and configured 1 project(s) in 2 sec
2019-01-14 12:37:32,734 [Worker-14] INFO  o.e.m.c.i.embedder.EclipseLogger - Using 'UTF-8' encoding to copy filtered resources.
2019-01-14 12:37:32,737 [Worker-14] INFO  o.e.m.c.i.embedder.EclipseLogger - skip non existing resourceDirectory C:\Users\formation\Desktop\Jpetstore_test_calcul_panier2\src\main\resources
2019-01-14 12:37:32,740 [Worker-14] INFO  o.e.m.c.i.embedder.EclipseLogger - Using 'UTF-8' encoding to copy filtered resources.
2019-01-14 12:37:32,740 [Worker-14] INFO  o.e.m.c.i.embedder.EclipseLogger - skip non existing resourceDirectory C:\Users\formation\Desktop\Jpetstore_test_calcul_panier2\src\test\resources
2019-01-14 12:38:37,858 [Worker-13] INFO  o.e.m.i.launch.MavenLaunchDelegate - C:\Users\formation\Desktop\jpetstore_ta
2019-01-14 12:38:37,859 [Worker-13] INFO  o.e.m.i.launch.MavenLaunchDelegate -  mvn -B 
2019-01-14 12:38:53,435 [Worker-1] INFO  o.e.m.i.launch.MavenLaunchDelegate - C:\Users\formation\Desktop\jpetstore_ta
2019-01-14 12:38:53,435 [Worker-1] INFO  o.e.m.i.launch.MavenLaunchDelegate -  mvn -B 
2019-01-14 12:40:07,244 [Worker-4] INFO  o.e.m.i.launch.MavenLaunchDelegate - C:\Users\formation\Desktop\jpetstore_ta
2019-01-14 12:40:07,245 [Worker-4] INFO  o.e.m.i.launch.MavenLaunchDelegate -  mvn -B clean
2019-01-14 12:40:18,503 [Worker-1] INFO  o.e.m.i.launch.MavenLaunchDelegate - C:\Users\formation\Desktop\jpetstore_ta
2019-01-14 12:40:18,503 [Worker-1] INFO  o.e.m.i.launch.MavenLaunchDelegate -  mvn -B install
2019-01-14 12:41:16,758 [Worker-12] INFO  o.e.m.i.launch.MavenLaunchDelegate - C:\Users\formation\Desktop\jpetstore_ta
2019-01-14 12:41:16,775 [Worker-12] INFO  o.e.m.i.launch.MavenLaunchDelegate -  mvn -B 
2019-01-14 12:41:33,357 [Worker-12] INFO  o.e.m.i.launch.MavenLaunchDelegate - C:\Users\formation\Desktop\jpetstore_ta
2019-01-14 12:41:33,357 [Worker-12] INFO  o.e.m.i.launch.MavenLaunchDelegate -  mvn -B clean
2019-01-14 12:41:42,683 [Worker-15] INFO  o.e.m.i.launch.MavenLaunchDelegate - C:\Users\formation\Desktop\jpetstore_ta
2019-01-14 12:41:42,693 [Worker-15] INFO  o.e.m.i.launch.MavenLaunchDelegate -  mvn -B install
2019-01-14 12:43:37,305 [Worker-15] INFO  o.e.m.i.launch.MavenLaunchDelegate - C:\Users\formation\Desktop\jpetstore_ta
2019-01-14 12:43:37,305 [Worker-15] INFO  o.e.m.i.launch.MavenLaunchDelegate -  mvn -B test
2019-01-14 12:44:17,275 [Worker-14] INFO  o.e.m.i.launch.MavenLaunchDelegate - C:\Users\formation\Desktop\jpetstore_ta
2019-01-14 12:44:17,286 [Worker-14] INFO  o.e.m.i.launch.MavenLaunchDelegate -  mvn -B test
2019-01-14 12:49:46,121 [Worker-15] INFO  o.e.m.i.launch.MavenLaunchDelegate - C:\Users\formation\Desktop\jpetstore_ta
2019-01-14 12:49:46,122 [Worker-15] INFO  o.e.m.i.launch.MavenLaunchDelegate -  mvn -B test
2019-01-14 12:50:01,770 [Worker-15] INFO  o.e.m.c.i.p.ProjectConfigurationManager - Update started
2019-01-14 12:50:02,445 [Worker-15] INFO  o.e.m.c.i.l.LifecycleMappingFactory - Using org.eclipse.m2e.jdt.JarLifecycleMapping lifecycle mapping for MavenProject: org:Jpetstore:0.0.1-SNAPSHOT @ C:\Users\formation\Desktop\Jpetstore_test_calcul_panier2\pom.xml.
2019-01-14 12:50:02,622 [Worker-15] INFO  o.e.m.c.i.l.LifecycleMappingFactory - Using NULL lifecycle mapping for MavenProject: org:jpetstore_ta:0.0.1-SNAPSHOT @ C:\Users\formation\Desktop\jpetstore_ta\pom.xml.
2019-01-14 12:50:02,963 [Worker-15] INFO  o.e.m.j.i.AbstractJavaProjectConfigurator - Adding source folder /Jpetstore/src/main/java
2019-01-14 12:50:02,976 [Worker-15] INFO  o.e.m.j.i.AbstractJavaProjectConfigurator - Adding source folder /Jpetstore/src/test/java
2019-01-14 12:50:03,213 [Worker-15] INFO  o.e.m.c.i.p.ProjectConfigurationManager - Update completed: 1 sec
2019-01-14 12:50:03,579 [Worker-1] INFO  o.e.m.c.i.embedder.EclipseLogger - Using 'UTF-8' encoding to copy filtered resources.
2019-01-14 12:50:03,579 [Worker-1] INFO  o.e.m.c.i.embedder.EclipseLogger - skip non existing resourceDirectory C:\Users\formation\Desktop\Jpetstore_test_calcul_panier2\src\main\resources
2019-01-14 12:50:03,589 [Worker-1] INFO  o.e.m.c.i.embedder.EclipseLogger - Using 'UTF-8' encoding to copy filtered resources.
2019-01-14 12:50:03,589 [Worker-1] INFO  o.e.m.c.i.embedder.EclipseLogger - skip non existing resourceDirectory C:\Users\formation\Desktop\Jpetstore_test_calcul_panier2\src\test\resources
2019-01-14 12:50:21,023 [Worker-17] INFO  o.e.m.i.launch.MavenLaunchDelegate - C:\Users\formation\Desktop\jpetstore_ta
2019-01-14 12:50:21,024 [Worker-17] INFO  o.e.m.i.launch.MavenLaunchDelegate -  mvn -B test
2019-01-14 13:09:41,656 [Worker-22] INFO  o.e.m.c.i.l.LifecycleMappingFactory - Using NULL lifecycle mapping for MavenProject: org:jpetstore_ta:0.0.1-SNAPSHOT @ C:\Users\formation\Desktop\jpetstore_ta\pom.xml.
2019-01-14 13:15:51,420 [Worker-1] INFO  c.g.t.t.d.PublishedGradleVersions - Gradle version information cache is up-to-date. Trying to read.
2019-01-14 13:19:09,827 [Worker-2] INFO  c.g.t.t.d.PublishedGradleVersions - Gradle version information cache is up-to-date. Trying to read.
2019-01-14 13:19:19,871 [Worker-12] INFO  o.e.m.c.i.embedder.EclipseLogger - Using 'UTF-8' encoding to copy filtered resources.
2019-01-14 13:19:19,874 [Worker-12] INFO  o.e.m.c.i.embedder.EclipseLogger - skip non existing resourceDirectory C:\Users\formation\Desktop\Jpetstore_test_calcul_panier2\src\main\resources
2019-01-14 13:19:19,876 [Worker-12] INFO  o.e.m.c.i.embedder.EclipseLogger - Using 'UTF-8' encoding to copy filtered resources.
2019-01-14 13:19:19,877 [Worker-12] INFO  o.e.m.c.i.embedder.EclipseLogger - skip non existing resourceDirectory C:\Users\formation\Desktop\Jpetstore_test_calcul_panier2\src\test\resources
2019-01-14 13:19:22,172 [Worker-8] INFO  o.e.m.c.i.l.LifecycleMappingFactory - Using org.eclipse.m2e.jdt.JarLifecycleMapping lifecycle mapping for MavenProject: org:Jpetstore:0.0.1-SNAPSHOT @ C:\Users\formation\Desktop\Jpetstore_test_calcul_panier2\pom.xml.
2019-01-14 13:19:23,815 [Worker-10] INFO  o.e.m.c.i.embedder.EclipseLogger - Using 'UTF-8' encoding to copy filtered resources.
2019-01-14 13:19:23,815 [Worker-10] INFO  o.e.m.c.i.embedder.EclipseLogger - skip non existing resourceDirectory C:\Users\formation\Desktop\Jpetstore_test_calcul_panier2\src\main\resources
2019-01-14 13:19:23,817 [Worker-10] INFO  o.e.m.c.i.embedder.EclipseLogger - Using 'UTF-8' encoding to copy filtered resources.
2019-01-14 13:19:23,817 [Worker-10] INFO  o.e.m.c.i.embedder.EclipseLogger - skip non existing resourceDirectory C:\Users\formation\Desktop\Jpetstore_test_calcul_panier2\src\test\resources
2019-01-14 13:19:42,151 [Worker-6] ERROR o.e.m.j.i.l.MavenLaunchConfigurationListener - Launch configuration DoublePrixPanier references non-existing project Jpetstore.
org.eclipse.core.runtime.CoreException: Launch configuration DoublePrixPanier references non-existing project Jpetstore.
	at org.eclipse.jdt.launching.JavaRuntime.abort(JavaRuntime.java:1408) ~[org.eclipse.jdt.launching_3.9.0.v20170419-1235.jar:na]
	at org.eclipse.jdt.launching.JavaRuntime.getJavaProject(JavaRuntime.java:1283) ~[org.eclipse.jdt.launching_3.9.0.v20170419-1235.jar:na]
	at org.eclipse.m2e.jdt.internal.launch.MavenLaunchConfigurationListener.updateLaunchConfiguration(MavenLaunchConfigurationListener.java:53) [org.eclipse.m2e.jdt_1.8.0.20170516-2043.jar:na]
	at org.eclipse.m2e.jdt.internal.launch.MavenLaunchConfigurationListener.launchConfigurationChanged(MavenLaunchConfigurationListener.java:38) [org.eclipse.m2e.jdt_1.8.0.20170516-2043.jar:na]
	at org.eclipse.debug.internal.core.LaunchManager$ConfigurationNotifier.run(LaunchManager.java:226) [org.eclipse.debug.core_3.11.0.v20170605-1534.jar:na]
	at org.eclipse.core.runtime.SafeRunner.run(SafeRunner.java:42) [org.eclipse.equinox.common_3.9.0.v20170207-1454.jar:na]
	at org.eclipse.debug.internal.core.LaunchManager$ConfigurationNotifier.notify(LaunchManager.java:207) [org.eclipse.debug.core_3.11.0.v20170605-1534.jar:na]
	at org.eclipse.debug.internal.core.LaunchConfigurationWorkingCopy.setDirty(LaunchConfigurationWorkingCopy.java:552) [org.eclipse.debug.core_3.11.0.v20170605-1534.jar:na]
	at org.eclipse.debug.internal.core.LaunchConfigurationWorkingCopy.setAttribute(LaunchConfigurationWorkingCopy.java:425) [org.eclipse.debug.core_3.11.0.v20170605-1534.jar:na]
	at org.eclipse.m2e.jdt.internal.launch.MavenRuntimeClasspathProvider.disable(MavenRuntimeClasspathProvider.java:309) [org.eclipse.m2e.jdt_1.8.0.20170516-2043.jar:na]
	at org.eclipse.m2e.jdt.internal.launch.MavenRuntimeClasspathProvider.disable(MavenRuntimeClasspathProvider.java:335) [org.eclipse.m2e.jdt_1.8.0.20170516-2043.jar:na]
	at org.eclipse.m2e.jdt.internal.launch.MavenLaunchConfigurationListener.mavenProjectChanged(MavenLaunchConfigurationListener.java:70) [org.eclipse.m2e.jdt_1.8.0.20170516-2043.jar:na]
	at org.eclipse.m2e.core.internal.project.registry.ProjectRegistryManager.notifyProjectChangeListeners(ProjectRegistryManager.java:783) [org.eclipse.m2e.core_1.8.0.20170516-2043.jar:na]
	at org.eclipse.m2e.core.internal.project.registry.ProjectRegistryManager.applyMutableProjectRegistry(ProjectRegistryManager.java:930) [org.eclipse.m2e.core_1.8.0.20170516-2043.jar:na]
	at org.eclipse.m2e.core.internal.project.registry.ProjectRegistryRefreshJob$1.call(ProjectRegistryRefreshJob.java:98) [org.eclipse.m2e.core_1.8.0.20170516-2043.jar:na]
	at org.eclipse.m2e.core.internal.project.registry.ProjectRegistryRefreshJob$1.call(ProjectRegistryRefreshJob.java:1) [org.eclipse.m2e.core_1.8.0.20170516-2043.jar:na]
	at org.eclipse.m2e.core.internal.embedder.MavenExecutionContext.executeBare(MavenExecutionContext.java:177) [org.eclipse.m2e.core_1.8.0.20170516-2043.jar:na]
	at org.eclipse.m2e.core.internal.embedder.MavenExecutionContext.execute(MavenExecutionContext.java:151) [org.eclipse.m2e.core_1.8.0.20170516-2043.jar:na]
	at org.eclipse.m2e.core.internal.embedder.MavenExecutionContext.execute(MavenExecutionContext.java:99) [org.eclipse.m2e.core_1.8.0.20170516-2043.jar:na]
	at org.eclipse.m2e.core.internal.embedder.MavenImpl.execute(MavenImpl.java:1355) [org.eclipse.m2e.core_1.8.0.20170516-2043.jar:na]
	at org.eclipse.m2e.core.internal.project.registry.ProjectRegistryRefreshJob.run(ProjectRegistryRefreshJob.java:81) [org.eclipse.m2e.core_1.8.0.20170516-2043.jar:na]
	at org.eclipse.core.internal.jobs.Worker.run(Worker.java:56) [org.eclipse.core.jobs_3.9.0.v20170322-0013.jar:na]
2019-01-14 13:19:42,165 [Worker-6] ERROR o.e.m.j.i.l.MavenLaunchConfigurationListener - Launch configuration DoublePrixPanier references non-existing project Jpetstore.
org.eclipse.core.runtime.CoreException: Launch configuration DoublePrixPanier references non-existing project Jpetstore.
	at org.eclipse.jdt.launching.JavaRuntime.abort(JavaRuntime.java:1408) ~[org.eclipse.jdt.launching_3.9.0.v20170419-1235.jar:na]
	at org.eclipse.jdt.launching.JavaRuntime.getJavaProject(JavaRuntime.java:1283) ~[org.eclipse.jdt.launching_3.9.0.v20170419-1235.jar:na]
	at org.eclipse.m2e.jdt.internal.launch.MavenLaunchConfigurationListener.updateLaunchConfiguration(MavenLaunchConfigurationListener.java:53) [org.eclipse.m2e.jdt_1.8.0.20170516-2043.jar:na]
	at org.eclipse.m2e.jdt.internal.launch.MavenLaunchConfigurationListener.launchConfigurationChanged(MavenLaunchConfigurationListener.java:38) [org.eclipse.m2e.jdt_1.8.0.20170516-2043.jar:na]
	at org.eclipse.debug.internal.core.LaunchManager$ConfigurationNotifier.run(LaunchManager.java:226) [org.eclipse.debug.core_3.11.0.v20170605-1534.jar:na]
	at org.eclipse.core.runtime.SafeRunner.run(SafeRunner.java:42) [org.eclipse.equinox.common_3.9.0.v20170207-1454.jar:na]
	at org.eclipse.debug.internal.core.LaunchManager$ConfigurationNotifier.notify(LaunchManager.java:207) [org.eclipse.debug.core_3.11.0.v20170605-1534.jar:na]
	at org.eclipse.debug.internal.core.LaunchConfigurationWorkingCopy.setDirty(LaunchConfigurationWorkingCopy.java:552) [org.eclipse.debug.core_3.11.0.v20170605-1534.jar:na]
	at org.eclipse.debug.internal.core.LaunchConfigurationWorkingCopy.setAttribute(LaunchConfigurationWorkingCopy.java:425) [org.eclipse.debug.core_3.11.0.v20170605-1534.jar:na]
	at org.eclipse.m2e.jdt.internal.launch.MavenRuntimeClasspathProvider.disable(MavenRuntimeClasspathProvider.java:310) [org.eclipse.m2e.jdt_1.8.0.20170516-2043.jar:na]
	at org.eclipse.m2e.jdt.internal.launch.MavenRuntimeClasspathProvider.disable(MavenRuntimeClasspathProvider.java:335) [org.eclipse.m2e.jdt_1.8.0.20170516-2043.jar:na]
	at org.eclipse.m2e.jdt.internal.launch.MavenLaunchConfigurationListener.mavenProjectChanged(MavenLaunchConfigurationListener.java:70) [org.eclipse.m2e.jdt_1.8.0.20170516-2043.jar:na]
	at org.eclipse.m2e.core.internal.project.registry.ProjectRegistryManager.notifyProjectChangeListeners(ProjectRegistryManager.java:783) [org.eclipse.m2e.core_1.8.0.20170516-2043.jar:na]
	at org.eclipse.m2e.core.internal.project.registry.ProjectRegistryManager.applyMutableProjectRegistry(ProjectRegistryManager.java:930) [org.eclipse.m2e.core_1.8.0.20170516-2043.jar:na]
	at org.eclipse.m2e.core.internal.project.registry.ProjectRegistryRefreshJob$1.call(ProjectRegistryRefreshJob.java:98) [org.eclipse.m2e.core_1.8.0.20170516-2043.jar:na]
	at org.eclipse.m2e.core.internal.project.registry.ProjectRegistryRefreshJob$1.call(ProjectRegistryRefreshJob.java:1) [org.eclipse.m2e.core_1.8.0.20170516-2043.jar:na]
	at org.eclipse.m2e.core.internal.embedder.MavenExecutionContext.executeBare(MavenExecutionContext.java:177) [org.eclipse.m2e.core_1.8.0.20170516-2043.jar:na]
	at org.eclipse.m2e.core.internal.embedder.MavenExecutionContext.execute(MavenExecutionContext.java:151) [org.eclipse.m2e.core_1.8.0.20170516-2043.jar:na]
	at org.eclipse.m2e.core.internal.embedder.MavenExecutionContext.execute(MavenExecutionContext.java:99) [org.eclipse.m2e.core_1.8.0.20170516-2043.jar:na]
	at org.eclipse.m2e.core.internal.embedder.MavenImpl.execute(MavenImpl.java:1355) [org.eclipse.m2e.core_1.8.0.20170516-2043.jar:na]
	at org.eclipse.m2e.core.internal.project.registry.ProjectRegistryRefreshJob.run(ProjectRegistryRefreshJob.java:81) [org.eclipse.m2e.core_1.8.0.20170516-2043.jar:na]
	at org.eclipse.core.internal.jobs.Worker.run(Worker.java:56) [org.eclipse.core.jobs_3.9.0.v20170322-0013.jar:na]
2019-01-14 13:19:42,188 [Worker-6] ERROR o.e.m.j.i.l.MavenLaunchConfigurationListener - Launch configuration DoublePrixPanier references non-existing project Jpetstore.
org.eclipse.core.runtime.CoreException: Launch configuration DoublePrixPanier references non-existing project Jpetstore.
	at org.eclipse.jdt.launching.JavaRuntime.abort(JavaRuntime.java:1408) ~[org.eclipse.jdt.launching_3.9.0.v20170419-1235.jar:na]
	at org.eclipse.jdt.launching.JavaRuntime.getJavaProject(JavaRuntime.java:1283) ~[org.eclipse.jdt.launching_3.9.0.v20170419-1235.jar:na]
	at org.eclipse.m2e.jdt.internal.launch.MavenLaunchConfigurationListener.updateLaunchConfiguration(MavenLaunchConfigurationListener.java:53) [org.eclipse.m2e.jdt_1.8.0.20170516-2043.jar:na]
	at org.eclipse.m2e.jdt.internal.launch.MavenLaunchConfigurationListener.launchConfigurationChanged(MavenLaunchConfigurationListener.java:38) [org.eclipse.m2e.jdt_1.8.0.20170516-2043.jar:na]
	at org.eclipse.debug.internal.core.LaunchManager$ConfigurationNotifier.run(LaunchManager.java:226) [org.eclipse.debug.core_3.11.0.v20170605-1534.jar:na]
	at org.eclipse.core.runtime.SafeRunner.run(SafeRunner.java:42) [org.eclipse.equinox.common_3.9.0.v20170207-1454.jar:na]
	at org.eclipse.debug.internal.core.LaunchManager$ConfigurationNotifier.notify(LaunchManager.java:207) [org.eclipse.debug.core_3.11.0.v20170605-1534.jar:na]
	at org.eclipse.debug.internal.core.LaunchManager.launchConfigurationChanged(LaunchManager.java:2166) [org.eclipse.debug.core_3.11.0.v20170605-1534.jar:na]
	at org.eclipse.debug.internal.core.LaunchConfigurationWorkingCopy.writeNewFile(LaunchConfigurationWorkingCopy.java:384) [org.eclipse.debug.core_3.11.0.v20170605-1534.jar:na]
	at org.eclipse.debug.internal.core.LaunchConfigurationWorkingCopy.doSave0(LaunchConfigurationWorkingCopy.java:250) [org.eclipse.debug.core_3.11.0.v20170605-1534.jar:na]
	at org.eclipse.debug.internal.core.LaunchConfigurationWorkingCopy.doSave(LaunchConfigurationWorkingCopy.java:220) [org.eclipse.debug.core_3.11.0.v20170605-1534.jar:na]
	at org.eclipse.debug.internal.core.LaunchConfigurationWorkingCopy.doSave(LaunchConfigurationWorkingCopy.java:173) [org.eclipse.debug.core_3.11.0.v20170605-1534.jar:na]
	at org.eclipse.m2e.jdt.internal.launch.MavenRuntimeClasspathProvider.disable(MavenRuntimeClasspathProvider.java:311) [org.eclipse.m2e.jdt_1.8.0.20170516-2043.jar:na]
	at org.eclipse.m2e.jdt.internal.launch.MavenRuntimeClasspathProvider.disable(MavenRuntimeClasspathProvider.java:335) [org.eclipse.m2e.jdt_1.8.0.20170516-2043.jar:na]
	at org.eclipse.m2e.jdt.internal.launch.MavenLaunchConfigurationListener.mavenProjectChanged(MavenLaunchConfigurationListener.java:70) [org.eclipse.m2e.jdt_1.8.0.20170516-2043.jar:na]
	at org.eclipse.m2e.core.internal.project.registry.ProjectRegistryManager.notifyProjectChangeListeners(ProjectRegistryManager.java:783) [org.eclipse.m2e.core_1.8.0.20170516-2043.jar:na]
	at org.eclipse.m2e.core.internal.project.registry.ProjectRegistryManager.applyMutableProjectRegistry(ProjectRegistryManager.java:930) [org.eclipse.m2e.core_1.8.0.20170516-2043.jar:na]
	at org.eclipse.m2e.core.internal.project.registry.ProjectRegistryRefreshJob$1.call(ProjectRegistryRefreshJob.java:98) [org.eclipse.m2e.core_1.8.0.20170516-2043.jar:na]
	at org.eclipse.m2e.core.internal.project.registry.ProjectRegistryRefreshJob$1.call(ProjectRegistryRefreshJob.java:1) [org.eclipse.m2e.core_1.8.0.20170516-2043.jar:na]
	at org.eclipse.m2e.core.internal.embedder.MavenExecutionContext.executeBare(MavenExecutionContext.java:177) [org.eclipse.m2e.core_1.8.0.20170516-2043.jar:na]
	at org.eclipse.m2e.core.internal.embedder.MavenExecutionContext.execute(MavenExecutionContext.java:151) [org.eclipse.m2e.core_1.8.0.20170516-2043.jar:na]
	at org.eclipse.m2e.core.internal.embedder.MavenExecutionContext.execute(MavenExecutionContext.java:99) [org.eclipse.m2e.core_1.8.0.20170516-2043.jar:na]
	at org.eclipse.m2e.core.internal.embedder.MavenImpl.execute(MavenImpl.java:1355) [org.eclipse.m2e.core_1.8.0.20170516-2043.jar:na]
	at org.eclipse.m2e.core.internal.project.registry.ProjectRegistryRefreshJob.run(ProjectRegistryRefreshJob.java:81) [org.eclipse.m2e.core_1.8.0.20170516-2043.jar:na]
	at org.eclipse.core.internal.jobs.Worker.run(Worker.java:56) [org.eclipse.core.jobs_3.9.0.v20170322-0013.jar:na]
2019-01-14 13:20:35,647 [Worker-6] INFO  o.e.m.c.i.l.LifecycleMappingFactory - Using org.eclipse.m2e.jdt.JarLifecycleMapping lifecycle mapping for MavenProject: org:Jpetstore:0.0.1-SNAPSHOT @ C:\Users\formation\Desktop\Jpetstore_test_calcul_panier2\pom.xml.
2019-01-14 13:20:36,247 [Worker-6] INFO  o.e.m.j.i.AbstractJavaProjectConfigurator - Adding source folder /Jpetstore/src/main/java
2019-01-14 13:20:36,248 [Worker-6] INFO  o.e.m.j.i.AbstractJavaProjectConfigurator - Adding source folder /Jpetstore/src/test/java
2019-01-14 13:20:36,416 [Worker-6] INFO  o.e.m.c.i.p.ProjectConfigurationManager - Imported and configured 1 project(s) in 1 sec
2019-01-14 13:20:36,888 [Worker-20] INFO  o.e.m.c.i.embedder.EclipseLogger - Using 'UTF-8' encoding to copy filtered resources.
2019-01-14 13:20:36,889 [Worker-20] INFO  o.e.m.c.i.embedder.EclipseLogger - skip non existing resourceDirectory C:\Users\formation\Desktop\Jpetstore_test_calcul_panier2\src\main\resources
2019-01-14 13:20:36,891 [Worker-20] INFO  o.e.m.c.i.embedder.EclipseLogger - Using 'UTF-8' encoding to copy filtered resources.
2019-01-14 13:20:36,904 [Worker-20] INFO  o.e.m.c.i.embedder.EclipseLogger - skip non existing resourceDirectory C:\Users\formation\Desktop\Jpetstore_test_calcul_panier2\src\test\resources
2019-01-14 13:21:10,787 [Worker-8] INFO  o.e.m.c.i.embedder.EclipseLogger - Using 'UTF-8' encoding to copy filtered resources.
2019-01-14 13:21:10,792 [Worker-8] INFO  o.e.m.c.i.embedder.EclipseLogger - skip non existing resourceDirectory C:\Users\formation\Desktop\Jpetstore_test_calcul_panier2\src\main\resources
2019-01-14 13:21:10,795 [Worker-8] INFO  o.e.m.c.i.embedder.EclipseLogger - Using 'UTF-8' encoding to copy filtered resources.
2019-01-14 13:21:10,795 [Worker-8] INFO  o.e.m.c.i.embedder.EclipseLogger - skip non existing resourceDirectory C:\Users\formation\Desktop\Jpetstore_test_calcul_panier2\src\test\resources
2019-01-14 13:21:12,951 [Worker-2] INFO  c.g.t.t.d.PublishedGradleVersions - Gradle version information cache is up-to-date. Trying to read.
2019-01-14 13:22:01,414 [Worker-6] INFO  o.e.m.c.i.l.LifecycleMappingFactory - Using NULL lifecycle mapping for MavenProject: org:jpetstore_ta:0.0.1-SNAPSHOT @ C:\Users\formation\Desktop\jpetstore_ta\pom.xml.
2019-01-14 13:22:01,663 [Worker-6] INFO  o.e.m.c.i.p.ProjectConfigurationManager - Imported and configured 1 project(s) in 0 sec
2019-01-14 13:23:06,386 [Worker-14] INFO  o.e.m.c.i.l.LifecycleMappingFactory - Using NULL lifecycle mapping for MavenProject: org:jpetstore_ta:0.0.1-SNAPSHOT @ C:\Users\formation\Desktop\jpetstore_ta\pom.xml.
2019-01-14 13:23:06,695 [Worker-14] INFO  o.e.m.c.i.p.ProjectConfigurationManager - Imported and configured 1 project(s) in 0 sec
2019-01-14 13:24:00,319 [Worker-2] INFO  o.e.m.c.i.l.LifecycleMappingFactory - Using NULL lifecycle mapping for MavenProject: org:jpetstore_ta:0.0.1-SNAPSHOT @ C:\Users\formation\Desktop\jpetstore_ta\pom.xml.
2019-01-14 13:24:00,501 [Worker-2] INFO  o.e.m.c.i.p.ProjectConfigurationManager - Imported and configured 1 project(s) in 0 sec
2019-01-14 13:28:37,167 [Worker-3] INFO  o.e.m.i.launch.MavenLaunchDelegate - C:\Users\formation\Desktop\jpetstore_ta
2019-01-14 13:28:37,169 [Worker-3] INFO  o.e.m.i.launch.MavenLaunchDelegate -  mvn -B clean
2019-01-14 13:28:44,026 [Worker-6] INFO  o.e.m.c.i.l.LifecycleMappingFactory - Using NULL lifecycle mapping for MavenProject: org:jpetstore_ta:0.0.1-SNAPSHOT @ C:\Users\formation\Desktop\jpetstore_ta\pom.xml.
2019-01-14 13:28:57,936 [Worker-13] INFO  o.e.m.i.launch.MavenLaunchDelegate - C:\Users\formation\Desktop\jpetstore_ta
2019-01-14 13:28:57,936 [Worker-13] INFO  o.e.m.i.launch.MavenLaunchDelegate -  mvn -B install
2019-01-14 13:29:56,690 [Worker-2] INFO  o.e.m.i.launch.MavenLaunchDelegate - C:\Users\formation\Desktop\jpetstore_ta
2019-01-14 13:29:56,690 [Worker-2] INFO  o.e.m.i.launch.MavenLaunchDelegate -  mvn -B clean
2019-01-14 13:30:05,693 [Worker-8] INFO  o.e.m.i.launch.MavenLaunchDelegate - C:\Users\formation\Desktop\jpetstore_ta
2019-01-14 13:30:05,693 [Worker-8] INFO  o.e.m.i.launch.MavenLaunchDelegate -  mvn -B install
2019-01-14 13:36:33,239 [Worker-0] INFO  o.e.m.i.launch.MavenLaunchDelegate - C:\Users\formation\Desktop\jpetstore_ta
2019-01-14 13:36:33,252 [Worker-0] INFO  o.e.m.i.launch.MavenLaunchDelegate -  mvn -B clean
2019-01-14 13:36:42,108 [Worker-9] INFO  o.e.m.i.launch.MavenLaunchDelegate - C:\Users\formation\Desktop\jpetstore_ta
2019-01-14 13:36:42,108 [Worker-9] INFO  o.e.m.i.launch.MavenLaunchDelegate -  mvn -B install
2019-01-14 13:38:50,065 [Worker-6] INFO  o.e.m.i.launch.MavenLaunchDelegate - C:\Users\formation\Desktop\jpetstore_ta
2019-01-14 13:38:50,075 [Worker-6] INFO  o.e.m.i.launch.MavenLaunchDelegate -  mvn -B clean
2019-01-14 13:39:00,404 [Worker-9] INFO  o.e.m.i.launch.MavenLaunchDelegate - C:\Users\formation\Desktop\jpetstore_ta
2019-01-14 13:39:00,404 [Worker-9] INFO  o.e.m.i.launch.MavenLaunchDelegate -  mvn -B install
2019-01-14 13:39:19,260 [Worker-9] INFO  o.e.m.i.launch.MavenLaunchDelegate - C:\Users\formation\Desktop\jpetstore_ta
2019-01-14 13:39:19,269 [Worker-9] INFO  o.e.m.i.launch.MavenLaunchDelegate -  mvn -B generate-sources
2019-01-14 13:39:31,804 [Worker-2] INFO  o.e.m.i.launch.MavenLaunchDelegate - C:\Users\formation\Desktop\jpetstore_ta
2019-01-14 13:39:31,804 [Worker-2] INFO  o.e.m.i.launch.MavenLaunchDelegate -  mvn -B test
2019-01-14 13:42:16,913 [Worker-2] INFO  o.e.m.i.launch.MavenLaunchDelegate - C:\Users\formation\Desktop\jpetstore_ta
2019-01-14 13:42:16,924 [Worker-2] INFO  o.e.m.i.launch.MavenLaunchDelegate -  mvn -B clean
2019-01-14 13:42:26,921 [Worker-13] INFO  o.e.m.i.launch.MavenLaunchDelegate - C:\Users\formation\Desktop\jpetstore_ta
2019-01-14 13:42:26,921 [Worker-13] INFO  o.e.m.i.launch.MavenLaunchDelegate -  mvn -B install
2019-01-14 14:08:24,703 [Worker-12] INFO  o.e.m.i.launch.MavenLaunchDelegate - C:\Users\formation\Desktop\jpetstore_ta
2019-01-14 14:08:24,713 [Worker-12] INFO  o.e.m.i.launch.MavenLaunchDelegate -  mvn -B 
2019-01-14 14:08:54,139 [Worker-19] INFO  o.e.m.i.launch.MavenLaunchDelegate - C:\Users\formation\Desktop\jpetstore_ta
2019-01-14 14:08:54,139 [Worker-19] INFO  o.e.m.i.launch.MavenLaunchDelegate -  mvn -B 
2019-01-14 14:09:21,267 [Worker-12] INFO  o.e.m.i.launch.MavenLaunchDelegate - C:\Users\formation\Desktop\jpetstore_ta
2019-01-14 14:09:21,275 [Worker-12] INFO  o.e.m.i.launch.MavenLaunchDelegate -  mvn -B 
2019-01-14 14:09:50,544 [Worker-17] INFO  o.e.m.i.launch.MavenLaunchDelegate - C:\Users\formation\Desktop\jpetstore_ta
2019-01-14 14:09:50,544 [Worker-17] INFO  o.e.m.i.launch.MavenLaunchDelegate -  mvn -B 
2019-01-14 14:11:43,247 [Worker-21] INFO  o.e.m.i.launch.MavenLaunchDelegate - C:\Users\formation\Desktop\jpetstore_ta
2019-01-14 14:11:43,260 [Worker-21] INFO  o.e.m.i.launch.MavenLaunchDelegate -  mvn -B 
2019-01-14 14:11:48,123 [Worker-19] INFO  o.e.m.i.launch.MavenLaunchDelegate - C:\Users\formation\Desktop\jpetstore_ta
2019-01-14 14:11:48,123 [Worker-19] INFO  o.e.m.i.launch.MavenLaunchDelegate -  mvn -B 
2019-01-14 14:12:01,016 [Worker-17] INFO  o.e.m.i.launch.MavenLaunchDelegate - C:\Users\formation\Desktop\jpetstore_ta
2019-01-14 14:12:01,023 [Worker-17] INFO  o.e.m.i.launch.MavenLaunchDelegate -  mvn -B clean
2019-01-14 14:12:10,815 [Worker-17] INFO  o.e.m.i.launch.MavenLaunchDelegate - C:\Users\formation\Desktop\jpetstore_ta
2019-01-14 14:12:10,815 [Worker-17] INFO  o.e.m.i.launch.MavenLaunchDelegate -  mvn -B install
2019-01-14 14:12:36,887 [Worker-19] INFO  o.e.m.i.launch.MavenLaunchDelegate - C:\Users\formation\Desktop\jpetstore_ta
2019-01-14 14:12:36,895 [Worker-19] INFO  o.e.m.i.launch.MavenLaunchDelegate -  mvn -B install
2019-01-14 14:17:54,780 [Worker-19] ERROR o.e.m.j.i.l.MavenLaunchConfigurationListener - Launch configuration DoublePrixPanier references non-existing project Jpetstore.
org.eclipse.core.runtime.CoreException: Launch configuration DoublePrixPanier references non-existing project Jpetstore.
	at org.eclipse.jdt.launching.JavaRuntime.abort(JavaRuntime.java:1408) ~[org.eclipse.jdt.launching_3.9.0.v20170419-1235.jar:na]
	at org.eclipse.jdt.launching.JavaRuntime.getJavaProject(JavaRuntime.java:1283) ~[org.eclipse.jdt.launching_3.9.0.v20170419-1235.jar:na]
	at org.eclipse.m2e.jdt.internal.launch.MavenLaunchConfigurationListener.updateLaunchConfiguration(MavenLaunchConfigurationListener.java:53) [org.eclipse.m2e.jdt_1.8.0.20170516-2043.jar:na]
	at org.eclipse.m2e.jdt.internal.launch.MavenLaunchConfigurationListener.launchConfigurationChanged(MavenLaunchConfigurationListener.java:38) [org.eclipse.m2e.jdt_1.8.0.20170516-2043.jar:na]
	at org.eclipse.debug.internal.core.LaunchManager$ConfigurationNotifier.run(LaunchManager.java:226) [org.eclipse.debug.core_3.11.0.v20170605-1534.jar:na]
	at org.eclipse.core.runtime.SafeRunner.run(SafeRunner.java:42) [org.eclipse.equinox.common_3.9.0.v20170207-1454.jar:na]
	at org.eclipse.debug.internal.core.LaunchManager$ConfigurationNotifier.notify(LaunchManager.java:207) [org.eclipse.debug.core_3.11.0.v20170605-1534.jar:na]
	at org.eclipse.debug.internal.core.LaunchConfigurationWorkingCopy.setDirty(LaunchConfigurationWorkingCopy.java:552) [org.eclipse.debug.core_3.11.0.v20170605-1534.jar:na]
	at org.eclipse.debug.internal.core.LaunchConfigurationWorkingCopy.setAttribute(LaunchConfigurationWorkingCopy.java:425) [org.eclipse.debug.core_3.11.0.v20170605-1534.jar:na]
	at org.eclipse.m2e.jdt.internal.launch.MavenRuntimeClasspathProvider.disable(MavenRuntimeClasspathProvider.java:309) [org.eclipse.m2e.jdt_1.8.0.20170516-2043.jar:na]
	at org.eclipse.m2e.jdt.internal.launch.MavenRuntimeClasspathProvider.disable(MavenRuntimeClasspathProvider.java:335) [org.eclipse.m2e.jdt_1.8.0.20170516-2043.jar:na]
	at org.eclipse.m2e.jdt.internal.launch.MavenLaunchConfigurationListener.mavenProjectChanged(MavenLaunchConfigurationListener.java:70) [org.eclipse.m2e.jdt_1.8.0.20170516-2043.jar:na]
	at org.eclipse.m2e.core.internal.project.registry.ProjectRegistryManager.notifyProjectChangeListeners(ProjectRegistryManager.java:783) [org.eclipse.m2e.core_1.8.0.20170516-2043.jar:na]
	at org.eclipse.m2e.core.internal.project.registry.ProjectRegistryManager.applyMutableProjectRegistry(ProjectRegistryManager.java:930) [org.eclipse.m2e.core_1.8.0.20170516-2043.jar:na]
	at org.eclipse.m2e.core.internal.project.registry.ProjectRegistryRefreshJob$1.call(ProjectRegistryRefreshJob.java:98) [org.eclipse.m2e.core_1.8.0.20170516-2043.jar:na]
	at org.eclipse.m2e.core.internal.project.registry.ProjectRegistryRefreshJob$1.call(ProjectRegistryRefreshJob.java:1) [org.eclipse.m2e.core_1.8.0.20170516-2043.jar:na]
	at org.eclipse.m2e.core.internal.embedder.MavenExecutionContext.executeBare(MavenExecutionContext.java:177) [org.eclipse.m2e.core_1.8.0.20170516-2043.jar:na]
	at org.eclipse.m2e.core.internal.embedder.MavenExecutionContext.execute(MavenExecutionContext.java:151) [org.eclipse.m2e.core_1.8.0.20170516-2043.jar:na]
	at org.eclipse.m2e.core.internal.embedder.MavenExecutionContext.execute(MavenExecutionContext.java:99) [org.eclipse.m2e.core_1.8.0.20170516-2043.jar:na]
	at org.eclipse.m2e.core.internal.embedder.MavenImpl.execute(MavenImpl.java:1355) [org.eclipse.m2e.core_1.8.0.20170516-2043.jar:na]
	at org.eclipse.m2e.core.internal.project.registry.ProjectRegistryRefreshJob.run(ProjectRegistryRefreshJob.java:81) [org.eclipse.m2e.core_1.8.0.20170516-2043.jar:na]
	at org.eclipse.core.internal.jobs.Worker.run(Worker.java:56) [org.eclipse.core.jobs_3.9.0.v20170322-0013.jar:na]
2019-01-14 14:17:54,793 [Worker-19] ERROR o.e.m.j.i.l.MavenLaunchConfigurationListener - Launch configuration DoublePrixPanier references non-existing project Jpetstore.
org.eclipse.core.runtime.CoreException: Launch configuration DoublePrixPanier references non-existing project Jpetstore.
	at org.eclipse.jdt.launching.JavaRuntime.abort(JavaRuntime.java:1408) ~[org.eclipse.jdt.launching_3.9.0.v20170419-1235.jar:na]
	at org.eclipse.jdt.launching.JavaRuntime.getJavaProject(JavaRuntime.java:1283) ~[org.eclipse.jdt.launching_3.9.0.v20170419-1235.jar:na]
	at org.eclipse.m2e.jdt.internal.launch.MavenLaunchConfigurationListener.updateLaunchConfiguration(MavenLaunchConfigurationListener.java:53) [org.eclipse.m2e.jdt_1.8.0.20170516-2043.jar:na]
	at org.eclipse.m2e.jdt.internal.launch.MavenLaunchConfigurationListener.launchConfigurationChanged(MavenLaunchConfigurationListener.java:38) [org.eclipse.m2e.jdt_1.8.0.20170516-2043.jar:na]
	at org.eclipse.debug.internal.core.LaunchManager$ConfigurationNotifier.run(LaunchManager.java:226) [org.eclipse.debug.core_3.11.0.v20170605-1534.jar:na]
	at org.eclipse.core.runtime.SafeRunner.run(SafeRunner.java:42) [org.eclipse.equinox.common_3.9.0.v20170207-1454.jar:na]
	at org.eclipse.debug.internal.core.LaunchManager$ConfigurationNotifier.notify(LaunchManager.java:207) [org.eclipse.debug.core_3.11.0.v20170605-1534.jar:na]
	at org.eclipse.debug.internal.core.LaunchConfigurationWorkingCopy.setDirty(LaunchConfigurationWorkingCopy.java:552) [org.eclipse.debug.core_3.11.0.v20170605-1534.jar:na]
	at org.eclipse.debug.internal.core.LaunchConfigurationWorkingCopy.setAttribute(LaunchConfigurationWorkingCopy.java:425) [org.eclipse.debug.core_3.11.0.v20170605-1534.jar:na]
	at org.eclipse.m2e.jdt.internal.launch.MavenRuntimeClasspathProvider.disable(MavenRuntimeClasspathProvider.java:310) [org.eclipse.m2e.jdt_1.8.0.20170516-2043.jar:na]
	at org.eclipse.m2e.jdt.internal.launch.MavenRuntimeClasspathProvider.disable(MavenRuntimeClasspathProvider.java:335) [org.eclipse.m2e.jdt_1.8.0.20170516-2043.jar:na]
	at org.eclipse.m2e.jdt.internal.launch.MavenLaunchConfigurationListener.mavenProjectChanged(MavenLaunchConfigurationListener.java:70) [org.eclipse.m2e.jdt_1.8.0.20170516-2043.jar:na]
	at org.eclipse.m2e.core.internal.project.registry.ProjectRegistryManager.notifyProjectChangeListeners(ProjectRegistryManager.java:783) [org.eclipse.m2e.core_1.8.0.20170516-2043.jar:na]
	at org.eclipse.m2e.core.internal.project.registry.ProjectRegistryManager.applyMutableProjectRegistry(ProjectRegistryManager.java:930) [org.eclipse.m2e.core_1.8.0.20170516-2043.jar:na]
	at org.eclipse.m2e.core.internal.project.registry.ProjectRegistryRefreshJob$1.call(ProjectRegistryRefreshJob.java:98) [org.eclipse.m2e.core_1.8.0.20170516-2043.jar:na]
	at org.eclipse.m2e.core.internal.project.registry.ProjectRegistryRefreshJob$1.call(ProjectRegistryRefreshJob.java:1) [org.eclipse.m2e.core_1.8.0.20170516-2043.jar:na]
	at org.eclipse.m2e.core.internal.embedder.MavenExecutionContext.executeBare(MavenExecutionContext.java:177) [org.eclipse.m2e.core_1.8.0.20170516-2043.jar:na]
	at org.eclipse.m2e.core.internal.embedder.MavenExecutionContext.execute(MavenExecutionContext.java:151) [org.eclipse.m2e.core_1.8.0.20170516-2043.jar:na]
	at org.eclipse.m2e.core.internal.embedder.MavenExecutionContext.execute(MavenExecutionContext.java:99) [org.eclipse.m2e.core_1.8.0.20170516-2043.jar:na]
	at org.eclipse.m2e.core.internal.embedder.MavenImpl.execute(MavenImpl.java:1355) [org.eclipse.m2e.core_1.8.0.20170516-2043.jar:na]
	at org.eclipse.m2e.core.internal.project.registry.ProjectRegistryRefreshJob.run(ProjectRegistryRefreshJob.java:81) [org.eclipse.m2e.core_1.8.0.20170516-2043.jar:na]
	at org.eclipse.core.internal.jobs.Worker.run(Worker.java:56) [org.eclipse.core.jobs_3.9.0.v20170322-0013.jar:na]
2019-01-14 14:17:54,821 [Worker-19] ERROR o.e.m.j.i.l.MavenLaunchConfigurationListener - Launch configuration DoublePrixPanier references non-existing project Jpetstore.
org.eclipse.core.runtime.CoreException: Launch configuration DoublePrixPanier references non-existing project Jpetstore.
	at org.eclipse.jdt.launching.JavaRuntime.abort(JavaRuntime.java:1408) ~[org.eclipse.jdt.launching_3.9.0.v20170419-1235.jar:na]
	at org.eclipse.jdt.launching.JavaRuntime.getJavaProject(JavaRuntime.java:1283) ~[org.eclipse.jdt.launching_3.9.0.v20170419-1235.jar:na]
	at org.eclipse.m2e.jdt.internal.launch.MavenLaunchConfigurationListener.updateLaunchConfiguration(MavenLaunchConfigurationListener.java:53) [org.eclipse.m2e.jdt_1.8.0.20170516-2043.jar:na]
	at org.eclipse.m2e.jdt.internal.launch.MavenLaunchConfigurationListener.launchConfigurationChanged(MavenLaunchConfigurationListener.java:38) [org.eclipse.m2e.jdt_1.8.0.20170516-2043.jar:na]
	at org.eclipse.debug.internal.core.LaunchManager$ConfigurationNotifier.run(LaunchManager.java:226) [org.eclipse.debug.core_3.11.0.v20170605-1534.jar:na]
	at org.eclipse.core.runtime.SafeRunner.run(SafeRunner.java:42) [org.eclipse.equinox.common_3.9.0.v20170207-1454.jar:na]
	at org.eclipse.debug.internal.core.LaunchManager$ConfigurationNotifier.notify(LaunchManager.java:207) [org.eclipse.debug.core_3.11.0.v20170605-1534.jar:na]
	at org.eclipse.debug.internal.core.LaunchManager.launchConfigurationChanged(LaunchManager.java:2166) [org.eclipse.debug.core_3.11.0.v20170605-1534.jar:na]
	at org.eclipse.debug.internal.core.LaunchConfigurationWorkingCopy.writeNewFile(LaunchConfigurationWorkingCopy.java:384) [org.eclipse.debug.core_3.11.0.v20170605-1534.jar:na]
	at org.eclipse.debug.internal.core.LaunchConfigurationWorkingCopy.doSave0(LaunchConfigurationWorkingCopy.java:250) [org.eclipse.debug.core_3.11.0.v20170605-1534.jar:na]
	at org.eclipse.debug.internal.core.LaunchConfigurationWorkingCopy.doSave(LaunchConfigurationWorkingCopy.java:220) [org.eclipse.debug.core_3.11.0.v20170605-1534.jar:na]
	at org.eclipse.debug.internal.core.LaunchConfigurationWorkingCopy.doSave(LaunchConfigurationWorkingCopy.java:173) [org.eclipse.debug.core_3.11.0.v20170605-1534.jar:na]
	at org.eclipse.m2e.jdt.internal.launch.MavenRuntimeClasspathProvider.disable(MavenRuntimeClasspathProvider.java:311) [org.eclipse.m2e.jdt_1.8.0.20170516-2043.jar:na]
	at org.eclipse.m2e.jdt.internal.launch.MavenRuntimeClasspathProvider.disable(MavenRuntimeClasspathProvider.java:335) [org.eclipse.m2e.jdt_1.8.0.20170516-2043.jar:na]
	at org.eclipse.m2e.jdt.internal.launch.MavenLaunchConfigurationListener.mavenProjectChanged(MavenLaunchConfigurationListener.java:70) [org.eclipse.m2e.jdt_1.8.0.20170516-2043.jar:na]
	at org.eclipse.m2e.core.internal.project.registry.ProjectRegistryManager.notifyProjectChangeListeners(ProjectRegistryManager.java:783) [org.eclipse.m2e.core_1.8.0.20170516-2043.jar:na]
	at org.eclipse.m2e.core.internal.project.registry.ProjectRegistryManager.applyMutableProjectRegistry(ProjectRegistryManager.java:930) [org.eclipse.m2e.core_1.8.0.20170516-2043.jar:na]
	at org.eclipse.m2e.core.internal.project.registry.ProjectRegistryRefreshJob$1.call(ProjectRegistryRefreshJob.java:98) [org.eclipse.m2e.core_1.8.0.20170516-2043.jar:na]
	at org.eclipse.m2e.core.internal.project.registry.ProjectRegistryRefreshJob$1.call(ProjectRegistryRefreshJob.java:1) [org.eclipse.m2e.core_1.8.0.20170516-2043.jar:na]
	at org.eclipse.m2e.core.internal.embedder.MavenExecutionContext.executeBare(MavenExecutionContext.java:177) [org.eclipse.m2e.core_1.8.0.20170516-2043.jar:na]
	at org.eclipse.m2e.core.internal.embedder.MavenExecutionContext.execute(MavenExecutionContext.java:151) [org.eclipse.m2e.core_1.8.0.20170516-2043.jar:na]
	at org.eclipse.m2e.core.internal.embedder.MavenExecutionContext.execute(MavenExecutionContext.java:99) [org.eclipse.m2e.core_1.8.0.20170516-2043.jar:na]
	at org.eclipse.m2e.core.internal.embedder.MavenImpl.execute(MavenImpl.java:1355) [org.eclipse.m2e.core_1.8.0.20170516-2043.jar:na]
	at org.eclipse.m2e.core.internal.project.registry.ProjectRegistryRefreshJob.run(ProjectRegistryRefreshJob.java:81) [org.eclipse.m2e.core_1.8.0.20170516-2043.jar:na]
	at org.eclipse.core.internal.jobs.Worker.run(Worker.java:56) [org.eclipse.core.jobs_3.9.0.v20170322-0013.jar:na]
2019-01-14 14:18:33,102 [Worker-25] INFO  o.e.m.i.launch.MavenLaunchDelegate - C:\Users\formation\Desktop\jpetstore_ta
2019-01-14 14:18:33,113 [Worker-25] INFO  o.e.m.i.launch.MavenLaunchDelegate -  mvn -B clean
2019-01-14 14:18:53,100 [Worker-19] INFO  o.e.m.i.launch.MavenLaunchDelegate - C:\Users\formation\Desktop\jpetstore_ta
2019-01-14 14:18:53,109 [Worker-19] INFO  o.e.m.i.launch.MavenLaunchDelegate -  mvn -B install
2019-01-14 14:19:35,664 [Worker-19] INFO  o.e.m.i.launch.MavenLaunchDelegate - C:\Users\formation\Desktop\jpetstore_ta
2019-01-14 14:19:35,676 [Worker-19] INFO  o.e.m.i.launch.MavenLaunchDelegate -  mvn -Dta.test.suite=C:\Users\formation\Desktop\jpetstore_ta\src\squashTA\tests\jpstore.ta/**/*.ta,C:\Users\formation\Desktop\jpetstore_ta\src\squashTA\tests\jpstore.ta/**/*.txt,C:\Users\formation\Desktop\jpetstore_ta\src\squashTA\tests\jpstore.ta/**/*.test -B squash-ta:run -Dlog4j.configurationFile=log4j2.xml
2019-01-14 14:22:21,622 [Worker-25] INFO  o.e.m.i.launch.MavenLaunchDelegate - C:\Users\formation\Desktop\jpetstore_ta
2019-01-14 14:22:21,632 [Worker-25] INFO  o.e.m.i.launch.MavenLaunchDelegate -  mvn -Dta.test.suite=C:\Users\formation\Desktop\jpetstore_ta\src\squashTA\tests\jpstore.ta/**/*.ta,C:\Users\formation\Desktop\jpetstore_ta\src\squashTA\tests\jpstore.ta/**/*.txt,C:\Users\formation\Desktop\jpetstore_ta\src\squashTA\tests\jpstore.ta/**/*.test -B squash-ta:run -Dlog4j.configurationFile=log4j2.xml
2019-01-14 14:22:47,714 [Worker-22] INFO  o.e.m.i.launch.MavenLaunchDelegate - C:\Users\formation\Desktop\jpetstore_ta
2019-01-14 14:22:47,722 [Worker-22] INFO  o.e.m.i.launch.MavenLaunchDelegate -  mvn -Dta.test.suite=C:\Users\formation\Desktop\jpetstore_ta\src\squashTA\tests\jpstore.ta/**/*.ta,C:\Users\formation\Desktop\jpetstore_ta\src\squashTA\tests\jpstore.ta/**/*.txt,C:\Users\formation\Desktop\jpetstore_ta\src\squashTA\tests\jpstore.ta/**/*.test -B squash-ta:run -Dlog4j.configurationFile=log4j2.xml
2019-01-14 14:23:28,931 [Worker-24] INFO  o.e.m.i.launch.MavenLaunchDelegate - C:\Users\formation\Desktop\jpetstore_ta
2019-01-14 14:23:28,940 [Worker-24] INFO  o.e.m.i.launch.MavenLaunchDelegate -  mvn -Dta.test.suite=C:\Users\formation\Desktop\jpetstore_ta\src\squashTA\tests\jpstore.ta/**/*.ta,C:\Users\formation\Desktop\jpetstore_ta\src\squashTA\tests\jpstore.ta/**/*.txt,C:\Users\formation\Desktop\jpetstore_ta\src\squashTA\tests\jpstore.ta/**/*.test -B squash-ta:run -Dlog4j.configurationFile=log4j2.xml
2019-01-14 14:24:14,035 [Worker-25] INFO  o.e.m.i.launch.MavenLaunchDelegate - C:\Users\formation\Desktop\jpetstore_ta
2019-01-14 14:24:14,044 [Worker-25] INFO  o.e.m.i.launch.MavenLaunchDelegate -  mvn -Dta.test.suite=C:\Users\formation\Desktop\jpetstore_ta\src\squashTA\tests\jpstore.ta/**/*.ta,C:\Users\formation\Desktop\jpetstore_ta\src\squashTA\tests\jpstore.ta/**/*.txt,C:\Users\formation\Desktop\jpetstore_ta\src\squashTA\tests\jpstore.ta/**/*.test -B squash-ta:run -Dlog4j.configurationFile=log4j2.xml
2019-01-14 14:25:20,758 [Worker-27] INFO  o.e.m.c.i.e.AbstractTransferListenerAdapter - Downloading https://repo.maven.apache.org/maven2/io/takari/m2e/workspace/org.eclipse.m2e.workspace.cli/0.3.1/org.eclipse.m2e.workspace.cli-0.3.1-sources.jar
2019-01-14 14:25:20,888 [Worker-27] INFO  o.e.m.c.i.e.AbstractTransferListenerAdapter - Downloaded https://repo.maven.apache.org/maven2/io/takari/m2e/workspace/org.eclipse.m2e.workspace.cli/0.3.1/org.eclipse.m2e.workspace.cli-0.3.1-sources.jar
2019-01-14 14:25:21,389 [Worker-27] INFO  o.e.m.c.i.e.AbstractTransferListenerAdapter - Downloading https://repo.maven.apache.org/maven2/org/codehaus/plexus/plexus-classworlds/2.5.2/plexus-classworlds-2.5.2-sources.jar
2019-01-14 14:25:21,769 [Worker-27] INFO  o.e.m.c.i.e.AbstractTransferListenerAdapter - Downloaded https://repo.maven.apache.org/maven2/org/codehaus/plexus/plexus-classworlds/2.5.2/plexus-classworlds-2.5.2-sources.jar
2019-01-14 14:25:22,123 [Worker-27] INFO  o.e.m.c.i.e.AbstractTransferListenerAdapter - Downloading https://repo.maven.apache.org/maven2/org/apache/maven/maven-core/3.3.9/maven-core-3.3.9-sources.jar
2019-01-14 14:25:22,188 [Worker-27] INFO  o.e.m.c.i.e.AbstractTransferListenerAdapter - Downloaded https://repo.maven.apache.org/maven2/org/apache/maven/maven-core/3.3.9/maven-core-3.3.9-sources.jar
2019-01-14 14:25:22,433 [Worker-27] INFO  o.e.m.c.i.e.AbstractTransferListenerAdapter - Downloading https://repo.maven.apache.org/maven2/org/apache/maven/maven-model/3.3.9/maven-model-3.3.9-sources.jar
2019-01-14 14:25:22,485 [Worker-27] INFO  o.e.m.c.i.e.AbstractTransferListenerAdapter - Downloaded https://repo.maven.apache.org/maven2/org/apache/maven/maven-model/3.3.9/maven-model-3.3.9-sources.jar
2019-01-14 14:25:22,737 [Worker-27] INFO  o.e.m.c.i.e.AbstractTransferListenerAdapter - Downloading https://repo.maven.apache.org/maven2/org/apache/maven/maven-settings/3.3.9/maven-settings-3.3.9-sources.jar
2019-01-14 14:25:22,959 [Worker-27] INFO  o.e.m.c.i.e.AbstractTransferListenerAdapter - Downloaded https://repo.maven.apache.org/maven2/org/apache/maven/maven-settings/3.3.9/maven-settings-3.3.9-sources.jar
2019-01-14 14:25:23,129 [Worker-27] INFO  o.e.m.c.i.e.AbstractTransferListenerAdapter - Downloading https://repo.maven.apache.org/maven2/org/apache/maven/maven-settings-builder/3.3.9/maven-settings-builder-3.3.9-sources.jar
2019-01-14 14:25:23,440 [Worker-27] INFO  o.e.m.c.i.e.AbstractTransferListenerAdapter - Downloaded https://repo.maven.apache.org/maven2/org/apache/maven/maven-settings-builder/3.3.9/maven-settings-builder-3.3.9-sources.jar
2019-01-14 14:25:23,633 [Worker-27] INFO  o.e.m.c.i.e.AbstractTransferListenerAdapter - Downloading https://repo.maven.apache.org/maven2/org/apache/maven/maven-builder-support/3.3.9/maven-builder-support-3.3.9-sources.jar
2019-01-14 14:25:23,770 [Worker-27] INFO  o.e.m.c.i.e.AbstractTransferListenerAdapter - Downloaded https://repo.maven.apache.org/maven2/org/apache/maven/maven-builder-support/3.3.9/maven-builder-support-3.3.9-sources.jar
2019-01-14 14:25:23,971 [Worker-27] INFO  o.e.m.c.i.e.AbstractTransferListenerAdapter - Downloading https://repo.maven.apache.org/maven2/org/apache/maven/maven-repository-metadata/3.3.9/maven-repository-metadata-3.3.9-sources.jar
2019-01-14 14:25:24,124 [Worker-27] INFO  o.e.m.c.i.e.AbstractTransferListenerAdapter - Downloaded https://repo.maven.apache.org/maven2/org/apache/maven/maven-repository-metadata/3.3.9/maven-repository-metadata-3.3.9-sources.jar
2019-01-14 14:25:24,326 [Worker-27] INFO  o.e.m.c.i.e.AbstractTransferListenerAdapter - Downloading https://repo.maven.apache.org/maven2/org/apache/maven/maven-artifact/3.3.9/maven-artifact-3.3.9-sources.jar
2019-01-14 14:25:24,585 [Worker-27] INFO  o.e.m.c.i.e.AbstractTransferListenerAdapter - Downloaded https://repo.maven.apache.org/maven2/org/apache/maven/maven-artifact/3.3.9/maven-artifact-3.3.9-sources.jar
2019-01-14 14:25:24,797 [Worker-27] INFO  o.e.m.c.i.e.AbstractTransferListenerAdapter - Downloading https://repo.maven.apache.org/maven2/org/apache/maven/maven-plugin-api/3.3.9/maven-plugin-api-3.3.9-sources.jar
2019-01-14 14:25:25,079 [Worker-27] INFO  o.e.m.c.i.e.AbstractTransferListenerAdapter - Downloaded https://repo.maven.apache.org/maven2/org/apache/maven/maven-plugin-api/3.3.9/maven-plugin-api-3.3.9-sources.jar
2019-01-14 14:25:25,297 [Worker-27] INFO  o.e.m.c.i.e.AbstractTransferListenerAdapter - Downloading https://repo.maven.apache.org/maven2/org/apache/maven/maven-model-builder/3.3.9/maven-model-builder-3.3.9-sources.jar
2019-01-14 14:25:25,344 [Worker-27] INFO  o.e.m.c.i.e.AbstractTransferListenerAdapter - Downloaded https://repo.maven.apache.org/maven2/org/apache/maven/maven-model-builder/3.3.9/maven-model-builder-3.3.9-sources.jar
2019-01-14 14:25:25,590 [Worker-27] INFO  o.e.m.c.i.e.AbstractTransferListenerAdapter - Downloading https://repo.maven.apache.org/maven2/org/apache/maven/maven-aether-provider/3.3.9/maven-aether-provider-3.3.9-sources.jar
2019-01-14 14:25:25,856 [Worker-27] INFO  o.e.m.c.i.e.AbstractTransferListenerAdapter - Downloaded https://repo.maven.apache.org/maven2/org/apache/maven/maven-aether-provider/3.3.9/maven-aether-provider-3.3.9-sources.jar
2019-01-14 14:25:26,068 [Worker-27] INFO  o.e.m.c.i.e.AbstractTransferListenerAdapter - Downloading https://repo.maven.apache.org/maven2/org/eclipse/aether/aether-api/1.0.2.v20150114/aether-api-1.0.2.v20150114-sources.jar
2019-01-14 14:25:26,119 [Worker-27] INFO  o.e.m.c.i.e.AbstractTransferListenerAdapter - Downloaded https://repo.maven.apache.org/maven2/org/eclipse/aether/aether-api/1.0.2.v20150114/aether-api-1.0.2.v20150114-sources.jar
2019-01-14 14:25:26,352 [Worker-27] INFO  o.e.m.c.i.e.AbstractTransferListenerAdapter - Downloading https://repo.maven.apache.org/maven2/org/eclipse/aether/aether-util/1.0.2.v20150114/aether-util-1.0.2.v20150114-sources.jar
2019-01-14 14:25:26,399 [Worker-27] INFO  o.e.m.c.i.e.AbstractTransferListenerAdapter - Downloaded https://repo.maven.apache.org/maven2/org/eclipse/aether/aether-util/1.0.2.v20150114/aether-util-1.0.2.v20150114-sources.jar
2019-01-14 14:25:26,597 [Worker-27] INFO  o.e.m.c.i.e.AbstractTransferListenerAdapter - Downloading https://repo.maven.apache.org/maven2/org/codehaus/plexus/plexus-interpolation/1.21/plexus-interpolation-1.21-sources.jar
2019-01-14 14:25:26,655 [Worker-27] INFO  o.e.m.c.i.e.AbstractTransferListenerAdapter - Downloaded https://repo.maven.apache.org/maven2/org/codehaus/plexus/plexus-interpolation/1.21/plexus-interpolation-1.21-sources.jar
2019-01-14 14:25:26,932 [Worker-27] INFO  o.e.m.c.i.e.AbstractTransferListenerAdapter - Downloading https://repo.maven.apache.org/maven2/org/codehaus/plexus/plexus-utils/3.0.22/plexus-utils-3.0.22-sources.jar
2019-01-14 14:25:26,997 [Worker-27] INFO  o.e.m.c.i.e.AbstractTransferListenerAdapter - Downloaded https://repo.maven.apache.org/maven2/org/codehaus/plexus/plexus-utils/3.0.22/plexus-utils-3.0.22-sources.jar
2019-01-14 14:25:27,233 [Worker-27] INFO  o.e.m.c.i.e.AbstractTransferListenerAdapter - Downloading https://repo.maven.apache.org/maven2/org/codehaus/plexus/plexus-component-annotations/1.6/plexus-component-annotations-1.6-sources.jar
2019-01-14 14:25:27,298 [Worker-27] INFO  o.e.m.c.i.e.AbstractTransferListenerAdapter - Downloaded https://repo.maven.apache.org/maven2/org/codehaus/plexus/plexus-component-annotations/1.6/plexus-component-annotations-1.6-sources.jar
2019-01-14 14:25:27,562 [Worker-27] INFO  o.e.m.c.i.e.AbstractTransferListenerAdapter - Downloading https://repo.maven.apache.org/maven2/org/sonatype/plexus/plexus-sec-dispatcher/1.3/plexus-sec-dispatcher-1.3-sources.jar
2019-01-14 14:25:27,710 [Worker-27] INFO  o.e.m.c.i.e.AbstractTransferListenerAdapter - Downloaded https://repo.maven.apache.org/maven2/org/sonatype/plexus/plexus-sec-dispatcher/1.3/plexus-sec-dispatcher-1.3-sources.jar
2019-01-14 14:25:28,033 [Worker-27] INFO  o.e.m.c.i.e.AbstractTransferListenerAdapter - Downloading https://repo.maven.apache.org/maven2/org/apache/commons/commons-lang3/3.4/commons-lang3-3.4-sources.jar
2019-01-14 14:25:28,087 [Worker-27] INFO  o.e.m.c.i.e.AbstractTransferListenerAdapter - Downloaded https://repo.maven.apache.org/maven2/org/apache/commons/commons-lang3/3.4/commons-lang3-3.4-sources.jar
2019-01-14 14:25:28,345 [Worker-27] INFO  o.e.m.c.i.e.AbstractTransferListenerAdapter - Downloading https://repo.maven.apache.org/maven2/org/apache/maven/maven-embedder/3.3.9/maven-embedder-3.3.9-sources.jar
2019-01-14 14:25:28,401 [Worker-27] INFO  o.e.m.c.i.e.AbstractTransferListenerAdapter - Downloaded https://repo.maven.apache.org/maven2/org/apache/maven/maven-embedder/3.3.9/maven-embedder-3.3.9-sources.jar
2019-01-14 14:25:28,783 [Worker-27] INFO  o.e.m.c.i.e.AbstractTransferListenerAdapter - Downloading https://repo.maven.apache.org/maven2/org/sonatype/plexus/plexus-cipher/1.7/plexus-cipher-1.7-sources.jar
2019-01-14 14:25:28,878 [Worker-27] INFO  o.e.m.c.i.e.AbstractTransferListenerAdapter - Downloaded https://repo.maven.apache.org/maven2/org/sonatype/plexus/plexus-cipher/1.7/plexus-cipher-1.7-sources.jar
2019-01-14 14:25:29,083 [Worker-27] INFO  o.e.m.c.i.e.AbstractTransferListenerAdapter - Downloading https://repo.maven.apache.org/maven2/commons-cli/commons-cli/1.2/commons-cli-1.2-sources.jar
2019-01-14 14:25:29,320 [Worker-27] INFO  o.e.m.c.i.e.AbstractTransferListenerAdapter - Downloaded https://repo.maven.apache.org/maven2/commons-cli/commons-cli/1.2/commons-cli-1.2-sources.jar
2019-01-14 14:25:29,702 [Worker-27] INFO  o.e.m.c.i.e.AbstractTransferListenerAdapter - Downloading https://repo.maven.apache.org/maven2/org/apache/maven/maven-compat/3.3.9/maven-compat-3.3.9-sources.jar
2019-01-14 14:25:29,791 [Worker-27] INFO  o.e.m.c.i.e.AbstractTransferListenerAdapter - Downloaded https://repo.maven.apache.org/maven2/org/apache/maven/maven-compat/3.3.9/maven-compat-3.3.9-sources.jar
2019-01-14 14:25:29,983 [Worker-27] INFO  o.e.m.c.i.e.AbstractTransferListenerAdapter - Downloading https://repo.maven.apache.org/maven2/org/apache/maven/wagon/wagon-provider-api/2.10/wagon-provider-api-2.10-sources.jar
2019-01-14 14:25:30,026 [Worker-27] INFO  o.e.m.c.i.e.AbstractTransferListenerAdapter - Downloaded https://repo.maven.apache.org/maven2/org/apache/maven/wagon/wagon-provider-api/2.10/wagon-provider-api-2.10-sources.jar
2019-01-14 14:25:30,248 [Worker-27] INFO  o.e.m.c.i.e.AbstractTransferListenerAdapter - Downloading https://repo.maven.apache.org/maven2/javax/enterprise/cdi-api/1.0/cdi-api-1.0-sources.jar
2019-01-14 14:25:30,301 [Worker-27] INFO  o.e.m.c.i.e.AbstractTransferListenerAdapter - Downloaded https://repo.maven.apache.org/maven2/javax/enterprise/cdi-api/1.0/cdi-api-1.0-sources.jar
2019-01-14 14:25:30,655 [Worker-27] INFO  o.e.m.c.i.e.AbstractTransferListenerAdapter - Downloading https://repo.maven.apache.org/maven2/com/google/guava/guava/18.0/guava-18.0-sources.jar
2019-01-14 14:25:30,759 [Worker-27] INFO  o.e.m.c.i.e.AbstractTransferListenerAdapter - Downloaded https://repo.maven.apache.org/maven2/com/google/guava/guava/18.0/guava-18.0-sources.jar
2019-01-14 14:25:31,155 [Worker-27] INFO  o.e.m.c.i.e.AbstractTransferListenerAdapter - Downloading https://repo.maven.apache.org/maven2/org/eclipse/aether/aether-impl/1.0.2.v20150114/aether-impl-1.0.2.v20150114-sources.jar
2019-01-14 14:25:31,199 [Worker-27] INFO  o.e.m.c.i.e.AbstractTransferListenerAdapter - Downloaded https://repo.maven.apache.org/maven2/org/eclipse/aether/aether-impl/1.0.2.v20150114/aether-impl-1.0.2.v20150114-sources.jar
2019-01-14 14:25:31,401 [Worker-27] INFO  o.e.m.c.i.e.AbstractTransferListenerAdapter - Downloading https://repo.maven.apache.org/maven2/org/eclipse/aether/aether-spi/1.0.2.v20150114/aether-spi-1.0.2.v20150114-sources.jar
2019-01-14 14:25:31,704 [Worker-27] INFO  o.e.m.c.i.e.AbstractTransferListenerAdapter - Downloaded https://repo.maven.apache.org/maven2/org/eclipse/aether/aether-spi/1.0.2.v20150114/aether-spi-1.0.2.v20150114-sources.jar
2019-01-14 14:25:31,904 [Worker-27] INFO  o.e.m.c.i.e.AbstractTransferListenerAdapter - Downloading https://repo.maven.apache.org/maven2/io/takari/aether/aether-connector-okhttp/0.17.1/aether-connector-okhttp-0.17.1-sources.jar
2019-01-14 14:25:32,102 [Worker-27] INFO  o.e.m.c.i.e.AbstractTransferListenerAdapter - Downloaded https://repo.maven.apache.org/maven2/io/takari/aether/aether-connector-okhttp/0.17.1/aether-connector-okhttp-0.17.1-sources.jar
2019-01-14 14:25:32,318 [Worker-27] INFO  o.e.m.c.i.e.AbstractTransferListenerAdapter - Downloading https://repo.maven.apache.org/maven2/com/squareup/okhttp3/okhttp/3.7.0/okhttp-3.7.0-sources.jar
2019-01-14 14:25:32,570 [Worker-27] INFO  o.e.m.c.i.e.AbstractTransferListenerAdapter - Downloaded https://repo.maven.apache.org/maven2/com/squareup/okhttp3/okhttp/3.7.0/okhttp-3.7.0-sources.jar
2019-01-14 14:25:32,771 [Worker-27] INFO  o.e.m.c.i.e.AbstractTransferListenerAdapter - Downloading https://repo.maven.apache.org/maven2/com/squareup/okio/okio/1.12.0/okio-1.12.0-sources.jar
2019-01-14 14:25:32,805 [Worker-27] INFO  o.e.m.c.i.e.AbstractTransferListenerAdapter - Downloaded https://repo.maven.apache.org/maven2/com/squareup/okio/okio/1.12.0/okio-1.12.0-sources.jar
2019-01-14 14:25:33,010 [Worker-27] INFO  o.e.m.c.i.e.AbstractTransferListenerAdapter - Downloading https://repo.maven.apache.org/maven2/org/eclipse/aether/aether-connector-basic/1.0.2.v20150114/aether-connector-basic-1.0.2.v20150114-sources.jar
2019-01-14 14:25:33,127 [Worker-27] INFO  o.e.m.c.i.e.AbstractTransferListenerAdapter - Downloaded https://repo.maven.apache.org/maven2/org/eclipse/aether/aether-connector-basic/1.0.2.v20150114/aether-connector-basic-1.0.2.v20150114-sources.jar
2019-01-14 14:25:33,815 [Worker-27] INFO  o.e.m.c.i.e.AbstractTransferListenerAdapter - Downloading https://repo.maven.apache.org/maven2/org/eclipse/aether/aether-transport-wagon/1.0.2.v20150114/aether-transport-wagon-1.0.2.v20150114-sources.jar
2019-01-14 14:25:34,027 [Worker-27] INFO  o.e.m.c.i.e.AbstractTransferListenerAdapter - Downloaded https://repo.maven.apache.org/maven2/org/eclipse/aether/aether-transport-wagon/1.0.2.v20150114/aether-transport-wagon-1.0.2.v20150114-sources.jar
2019-01-14 14:25:34,221 [Worker-27] INFO  o.e.m.c.i.e.AbstractTransferListenerAdapter - Downloading https://repo.maven.apache.org/maven2/org/apache/maven/wagon/wagon-file/2.10/wagon-file-2.10-sources.jar
2019-01-14 14:25:34,315 [Worker-27] INFO  o.e.m.c.i.e.AbstractTransferListenerAdapter - Downloaded https://repo.maven.apache.org/maven2/org/apache/maven/wagon/wagon-file/2.10/wagon-file-2.10-sources.jar
2019-01-14 14:25:34,505 [Worker-27] INFO  o.e.m.c.i.e.AbstractTransferListenerAdapter - Downloading https://repo.maven.apache.org/maven2/commons-lang/commons-lang/2.6/commons-lang-2.6-sources.jar
2019-01-14 14:25:34,547 [Worker-27] INFO  o.e.m.c.i.e.AbstractTransferListenerAdapter - Downloaded https://repo.maven.apache.org/maven2/commons-lang/commons-lang/2.6/commons-lang-2.6-sources.jar
2019-01-14 14:25:34,980 [Worker-27] INFO  o.e.m.c.i.e.AbstractTransferListenerAdapter - Downloading https://repo.maven.apache.org/maven2/org/slf4j/slf4j-simple/1.7.5/slf4j-simple-1.7.5-sources.jar
2019-01-14 14:25:35,126 [Worker-27] INFO  o.e.m.c.i.e.AbstractTransferListenerAdapter - Downloaded https://repo.maven.apache.org/maven2/org/slf4j/slf4j-simple/1.7.5/slf4j-simple-1.7.5-sources.jar
2019-01-14 14:29:56,685 [Worker-29] INFO  o.e.m.i.launch.MavenLaunchDelegate - C:\Users\formation\Desktop\jpetstore_ta
2019-01-14 14:29:56,693 [Worker-29] INFO  o.e.m.i.launch.MavenLaunchDelegate -  mvn -Dta.test.suite=C:\Users\formation\Desktop\jpetstore_ta\src\squashTA\tests\jpstore.ta/**/*.ta,C:\Users\formation\Desktop\jpetstore_ta\src\squashTA\tests\jpstore.ta/**/*.txt,C:\Users\formation\Desktop\jpetstore_ta\src\squashTA\tests\jpstore.ta/**/*.test -B squash-ta:run -Dlog4j.configurationFile=log4j2.xml
2019-01-14 14:30:29,587 [Worker-29] INFO  o.e.m.i.launch.MavenLaunchDelegate - C:\Users\formation\Desktop\jpetstore_ta
2019-01-14 14:30:29,595 [Worker-29] INFO  o.e.m.i.launch.MavenLaunchDelegate -  mvn -B clean
2019-01-14 14:30:42,475 [Worker-31] INFO  o.e.m.i.launch.MavenLaunchDelegate - C:\Users\formation\Desktop\jpetstore_ta
2019-01-14 14:30:42,485 [Worker-31] INFO  o.e.m.i.launch.MavenLaunchDelegate -  mvn -B clean
2019-01-14 14:30:55,607 [Worker-27] INFO  o.e.m.i.launch.MavenLaunchDelegate - C:\Users\formation\Desktop\jpetstore_ta
2019-01-14 14:30:55,615 [Worker-27] INFO  o.e.m.i.launch.MavenLaunchDelegate -  mvn -B clean
2019-01-14 14:31:10,182 [Worker-27] INFO  o.e.m.i.launch.MavenLaunchDelegate - C:\Users\formation\Desktop\jpetstore_ta
2019-01-14 14:31:10,192 [Worker-27] INFO  o.e.m.i.launch.MavenLaunchDelegate -  mvn -B clean
2019-01-14 14:33:49,565 [Worker-1] INFO  c.g.t.t.d.PublishedGradleVersions - Gradle version information cache is up-to-date. Trying to read.
2019-01-14 14:34:53,526 [Worker-12] INFO  o.e.m.c.i.l.LifecycleMappingFactory - Using NULL lifecycle mapping for MavenProject: org:jpetstore_ta:0.0.1-SNAPSHOT @ C:\Formation\SquashTA2-1.10.0-RELEASE-workspace\jpetstore_ta\pom.xml.
2019-01-14 14:34:53,937 [Worker-12] INFO  o.e.m.c.i.p.ProjectConfigurationManager - Imported and configured 1 project(s) in 1 sec
2019-01-14 14:35:11,501 [Worker-2] INFO  o.e.m.i.launch.MavenLaunchDelegate - C:\Formation\SquashTA2-1.10.0-RELEASE-workspace\jpetstore_ta
2019-01-14 14:35:11,502 [Worker-2] INFO  o.e.m.i.launch.MavenLaunchDelegate -  mvn -B clean
2019-01-14 14:35:23,670 [Worker-8] INFO  o.e.m.i.launch.MavenLaunchDelegate - C:\Formation\SquashTA2-1.10.0-RELEASE-workspace\jpetstore_ta
2019-01-14 14:35:23,670 [Worker-8] INFO  o.e.m.i.launch.MavenLaunchDelegate -  mvn -B install
2019-01-14 14:35:50,214 [Worker-10] INFO  o.e.m.i.launch.MavenLaunchDelegate - C:\Formation\SquashTA2-1.10.0-RELEASE-workspace\jpetstore_ta
2019-01-14 14:35:50,215 [Worker-10] INFO  o.e.m.i.launch.MavenLaunchDelegate -  mvn -Dta.test.suite=C:\Formation\SquashTA2-1.10.0-RELEASE-workspace\jpetstore_ta\src\squashTA\tests\jpstore.ta/**/*.ta,C:\Formation\SquashTA2-1.10.0-RELEASE-workspace\jpetstore_ta\src\squashTA\tests\jpstore.ta/**/*.txt,C:\Formation\SquashTA2-1.10.0-RELEASE-workspace\jpetstore_ta\src\squashTA\tests\jpstore.ta/**/*.test -B squash-ta:run -Dlog4j.configurationFile=log4j2.xml
2019-01-14 14:37:26,188 [Worker-5] INFO  o.e.m.i.launch.MavenLaunchDelegate - C:\Formation\SquashTA2-1.10.0-RELEASE-workspace\jpetstore_ta
2019-01-14 14:37:26,189 [Worker-5] INFO  o.e.m.i.launch.MavenLaunchDelegate -  mvn -Dta.test.suite=C:\Formation\SquashTA2-1.10.0-RELEASE-workspace\jpetstore_ta\src\squashTA\tests\jpstore.ta/**/*.ta,C:\Formation\SquashTA2-1.10.0-RELEASE-workspace\jpetstore_ta\src\squashTA\tests\jpstore.ta/**/*.txt,C:\Formation\SquashTA2-1.10.0-RELEASE-workspace\jpetstore_ta\src\squashTA\tests\jpstore.ta/**/*.test -B squash-ta:run -Dlog4j.configurationFile=log4j2.xml
2019-01-14 14:38:51,246 [Worker-0] INFO  o.e.m.c.i.l.LifecycleMappingFactory - Using NULL lifecycle mapping for MavenProject: org:jpetstore_ta:0.0.1-SNAPSHOT @ C:\Formation\SquashTA2-1.10.0-RELEASE-workspace\jpetstore_ta\pom.xml.
2019-01-14 14:39:01,083 [Worker-12] INFO  o.e.m.i.launch.MavenLaunchDelegate - C:\Formation\SquashTA2-1.10.0-RELEASE-workspace\jpetstore_ta
2019-01-14 14:39:01,084 [Worker-12] INFO  o.e.m.i.launch.MavenLaunchDelegate -  mvn -Dta.test.suite=C:\Formation\SquashTA2-1.10.0-RELEASE-workspace\jpetstore_ta\src\squashTA\tests\jpstore.ta/**/*.ta,C:\Formation\SquashTA2-1.10.0-RELEASE-workspace\jpetstore_ta\src\squashTA\tests\jpstore.ta/**/*.txt,C:\Formation\SquashTA2-1.10.0-RELEASE-workspace\jpetstore_ta\src\squashTA\tests\jpstore.ta/**/*.test -B squash-ta:run -Dlog4j.configurationFile=log4j2.xml
2019-01-14 14:40:05,908 [Worker-5] INFO  o.e.m.c.i.l.LifecycleMappingFactory - Using org.eclipse.m2e.jdt.JarLifecycleMapping lifecycle mapping for MavenProject: org:Jpetstore:0.0.1-SNAPSHOT @ C:\Formation\SquashTA2-1.10.0-RELEASE-workspace\Jpetstore_test_calcul_panier2\pom.xml.
2019-01-14 14:40:06,610 [Worker-5] INFO  o.e.m.j.i.AbstractJavaProjectConfigurator - Adding source folder /Jpetstore_test_calcul_panier2/src/main/java
2019-01-14 14:40:06,622 [Worker-5] INFO  o.e.m.j.i.AbstractJavaProjectConfigurator - Adding source folder /Jpetstore_test_calcul_panier2/src/test/java
2019-01-14 14:40:06,763 [Worker-5] INFO  o.e.m.c.i.p.ProjectConfigurationManager - Imported and configured 1 project(s) in 1 sec
2019-01-14 14:40:07,500 [Worker-4] INFO  o.e.m.c.i.embedder.EclipseLogger - Using 'UTF-8' encoding to copy filtered resources.
2019-01-14 14:40:07,500 [Worker-4] INFO  o.e.m.c.i.embedder.EclipseLogger - skip non existing resourceDirectory C:\Formation\SquashTA2-1.10.0-RELEASE-workspace\Jpetstore_test_calcul_panier2\src\main\resources
2019-01-14 14:40:07,601 [Worker-4] INFO  o.e.m.c.i.embedder.EclipseLogger - Using 'UTF-8' encoding to copy filtered resources.
2019-01-14 14:40:07,614 [Worker-4] INFO  o.e.m.c.i.embedder.EclipseLogger - skip non existing resourceDirectory C:\Formation\SquashTA2-1.10.0-RELEASE-workspace\Jpetstore_test_calcul_panier2\src\test\resources
2019-01-14 14:42:02,521 [Worker-12] INFO  o.e.m.i.launch.MavenLaunchDelegate - C:\Formation\SquashTA2-1.10.0-RELEASE-workspace\jpetstore_ta
2019-01-14 14:42:02,522 [Worker-12] INFO  o.e.m.i.launch.MavenLaunchDelegate -  mvn -Dta.test.suite=C:\Formation\SquashTA2-1.10.0-RELEASE-workspace\jpetstore_ta\src\squashTA\tests\jpstore.ta/**/*.ta,C:\Formation\SquashTA2-1.10.0-RELEASE-workspace\jpetstore_ta\src\squashTA\tests\jpstore.ta/**/*.txt,C:\Formation\SquashTA2-1.10.0-RELEASE-workspace\jpetstore_ta\src\squashTA\tests\jpstore.ta/**/*.test -B squash-ta:run -Dlog4j.configurationFile=log4j2.xml
